{"/home/taeho/dotfiles/opencode/custom-plugins/flows/src/manager/Blackboard.ts": {"path":"/home/taeho/dotfiles/opencode/custom-plugins/flows/src/manager/Blackboard.ts","all":false,"statementMap":{"13":{"start":{"line":14,"column":0},"end":{"line":14,"column":39}},"14":{"start":{"line":15,"column":0},"end":{"line":15,"column":34}},"15":{"start":{"line":16,"column":0},"end":{"line":16,"column":30}},"30":{"start":{"line":31,"column":0},"end":{"line":31,"column":25}},"31":{"start":{"line":32,"column":0},"end":{"line":32,"column":46}},"32":{"start":{"line":33,"column":0},"end":{"line":33,"column":33}},"33":{"start":{"line":34,"column":0},"end":{"line":34,"column":36}},"34":{"start":{"line":35,"column":0},"end":{"line":35,"column":58}},"36":{"start":{"line":37,"column":0},"end":{"line":37,"column":35}},"37":{"start":{"line":38,"column":0},"end":{"line":38,"column":30}},"38":{"start":{"line":39,"column":0},"end":{"line":39,"column":19}},"39":{"start":{"line":40,"column":0},"end":{"line":40,"column":45}},"40":{"start":{"line":41,"column":0},"end":{"line":41,"column":6}},"41":{"start":{"line":42,"column":0},"end":{"line":42,"column":61}},"42":{"start":{"line":43,"column":0},"end":{"line":43,"column":3}},"47":{"start":{"line":48,"column":0},"end":{"line":48,"column":31}},"48":{"start":{"line":49,"column":0},"end":{"line":49,"column":9}},"49":{"start":{"line":50,"column":0},"end":{"line":50,"column":64}},"50":{"start":{"line":51,"column":0},"end":{"line":51,"column":57}},"51":{"start":{"line":52,"column":0},"end":{"line":52,"column":49}},"52":{"start":{"line":53,"column":0},"end":{"line":53,"column":13}},"55":{"start":{"line":56,"column":0},"end":{"line":56,"column":37}},"56":{"start":{"line":57,"column":0},"end":{"line":57,"column":45}},"57":{"start":{"line":58,"column":0},"end":{"line":58,"column":5}},"58":{"start":{"line":59,"column":0},"end":{"line":59,"column":3}},"63":{"start":{"line":64,"column":0},"end":{"line":64,"column":31}},"64":{"start":{"line":65,"column":0},"end":{"line":65,"column":28}},"66":{"start":{"line":67,"column":0},"end":{"line":67,"column":9}},"67":{"start":{"line":68,"column":0},"end":{"line":68,"column":50}},"68":{"start":{"line":69,"column":0},"end":{"line":69,"column":71}},"69":{"start":{"line":70,"column":0},"end":{"line":70,"column":71}},"70":{"start":{"line":71,"column":0},"end":{"line":71,"column":25}},"71":{"start":{"line":72,"column":0},"end":{"line":72,"column":21}},"72":{"start":{"line":73,"column":0},"end":{"line":73,"column":58}},"73":{"start":{"line":74,"column":0},"end":{"line":74,"column":5}},"74":{"start":{"line":75,"column":0},"end":{"line":75,"column":3}},"79":{"start":{"line":80,"column":0},"end":{"line":80,"column":33}},"80":{"start":{"line":81,"column":0},"end":{"line":81,"column":33}},"81":{"start":{"line":82,"column":0},"end":{"line":82,"column":43}},"82":{"start":{"line":83,"column":0},"end":{"line":83,"column":5}},"83":{"start":{"line":84,"column":0},"end":{"line":84,"column":47}},"84":{"start":{"line":85,"column":0},"end":{"line":85,"column":18}},"85":{"start":{"line":86,"column":0},"end":{"line":86,"column":12}},"86":{"start":{"line":87,"column":0},"end":{"line":87,"column":3}},"91":{"start":{"line":92,"column":0},"end":{"line":92,"column":44}},"92":{"start":{"line":93,"column":0},"end":{"line":93,"column":48}},"93":{"start":{"line":94,"column":0},"end":{"line":94,"column":3}},"99":{"start":{"line":100,"column":0},"end":{"line":100,"column":31}},"101":{"start":{"line":102,"column":0},"end":{"line":102,"column":31}},"102":{"start":{"line":103,"column":0},"end":{"line":103,"column":34}},"103":{"start":{"line":104,"column":0},"end":{"line":104,"column":5}},"106":{"start":{"line":107,"column":0},"end":{"line":107,"column":34}},"109":{"start":{"line":110,"column":0},"end":{"line":110,"column":54}},"110":{"start":{"line":111,"column":0},"end":{"line":111,"column":32}},"111":{"start":{"line":112,"column":0},"end":{"line":112,"column":50}},"113":{"start":{"line":114,"column":0},"end":{"line":114,"column":36}},"116":{"start":{"line":117,"column":0},"end":{"line":117,"column":31}},"117":{"start":{"line":118,"column":0},"end":{"line":118,"column":30}},"118":{"start":{"line":119,"column":0},"end":{"line":119,"column":7}},"121":{"start":{"line":122,"column":0},"end":{"line":122,"column":30}},"122":{"start":{"line":123,"column":0},"end":{"line":123,"column":46}},"123":{"start":{"line":124,"column":0},"end":{"line":124,"column":49}},"124":{"start":{"line":125,"column":0},"end":{"line":125,"column":34}},"125":{"start":{"line":126,"column":0},"end":{"line":126,"column":16}},"126":{"start":{"line":127,"column":0},"end":{"line":127,"column":27}},"127":{"start":{"line":128,"column":0},"end":{"line":128,"column":9}},"128":{"start":{"line":129,"column":0},"end":{"line":129,"column":7}},"129":{"start":{"line":130,"column":0},"end":{"line":130,"column":19}},"130":{"start":{"line":131,"column":0},"end":{"line":131,"column":5}},"133":{"start":{"line":134,"column":0},"end":{"line":134,"column":37}},"134":{"start":{"line":135,"column":0},"end":{"line":135,"column":31}},"135":{"start":{"line":136,"column":0},"end":{"line":136,"column":51}},"136":{"start":{"line":137,"column":0},"end":{"line":137,"column":32}},"137":{"start":{"line":138,"column":0},"end":{"line":138,"column":14}},"138":{"start":{"line":139,"column":0},"end":{"line":139,"column":25}},"139":{"start":{"line":140,"column":0},"end":{"line":140,"column":7}},"140":{"start":{"line":141,"column":0},"end":{"line":141,"column":5}},"142":{"start":{"line":143,"column":0},"end":{"line":143,"column":19}},"143":{"start":{"line":144,"column":0},"end":{"line":144,"column":3}},"148":{"start":{"line":149,"column":0},"end":{"line":149,"column":53}},"149":{"start":{"line":150,"column":0},"end":{"line":150,"column":31}},"150":{"start":{"line":151,"column":0},"end":{"line":151,"column":22}},"151":{"start":{"line":152,"column":0},"end":{"line":152,"column":48}},"152":{"start":{"line":153,"column":0},"end":{"line":153,"column":3}},"157":{"start":{"line":158,"column":0},"end":{"line":158,"column":29}},"158":{"start":{"line":159,"column":0},"end":{"line":159,"column":31}},"159":{"start":{"line":160,"column":0},"end":{"line":160,"column":3}},"164":{"start":{"line":165,"column":0},"end":{"line":165,"column":47}},"165":{"start":{"line":166,"column":0},"end":{"line":166,"column":42}},"166":{"start":{"line":167,"column":0},"end":{"line":167,"column":17}},"167":{"start":{"line":168,"column":0},"end":{"line":168,"column":24}},"168":{"start":{"line":169,"column":0},"end":{"line":169,"column":24}},"169":{"start":{"line":170,"column":0},"end":{"line":170,"column":5}},"170":{"start":{"line":171,"column":0},"end":{"line":171,"column":18}},"171":{"start":{"line":172,"column":0},"end":{"line":172,"column":3}},"176":{"start":{"line":177,"column":0},"end":{"line":177,"column":28}},"177":{"start":{"line":178,"column":0},"end":{"line":178,"column":60}},"178":{"start":{"line":179,"column":0},"end":{"line":179,"column":3}},"187":{"start":{"line":188,"column":0},"end":{"line":188,"column":77}},"189":{"start":{"line":190,"column":0},"end":{"line":190,"column":59}},"192":{"start":{"line":193,"column":0},"end":{"line":193,"column":65}},"195":{"start":{"line":196,"column":0},"end":{"line":196,"column":25}},"196":{"start":{"line":197,"column":0},"end":{"line":197,"column":13}},"197":{"start":{"line":198,"column":0},"end":{"line":198,"column":42}},"198":{"start":{"line":199,"column":0},"end":{"line":199,"column":40}},"199":{"start":{"line":200,"column":0},"end":{"line":200,"column":6}},"201":{"start":{"line":202,"column":0},"end":{"line":202,"column":40}},"204":{"start":{"line":205,"column":0},"end":{"line":205,"column":72}},"205":{"start":{"line":206,"column":0},"end":{"line":206,"column":34}},"206":{"start":{"line":207,"column":0},"end":{"line":207,"column":55}},"207":{"start":{"line":208,"column":0},"end":{"line":208,"column":3}},"212":{"start":{"line":213,"column":0},"end":{"line":213,"column":59}},"213":{"start":{"line":214,"column":0},"end":{"line":214,"column":59}},"214":{"start":{"line":215,"column":0},"end":{"line":215,"column":37}},"215":{"start":{"line":216,"column":0},"end":{"line":216,"column":3}},"220":{"start":{"line":221,"column":0},"end":{"line":221,"column":69}},"221":{"start":{"line":222,"column":0},"end":{"line":222,"column":59}},"222":{"start":{"line":223,"column":0},"end":{"line":223,"column":29}},"223":{"start":{"line":224,"column":0},"end":{"line":224,"column":3}},"228":{"start":{"line":229,"column":0},"end":{"line":229,"column":35}},"229":{"start":{"line":230,"column":0},"end":{"line":230,"column":50}},"230":{"start":{"line":231,"column":0},"end":{"line":231,"column":3}},"235":{"start":{"line":236,"column":0},"end":{"line":236,"column":33}},"236":{"start":{"line":237,"column":0},"end":{"line":237,"column":56}},"237":{"start":{"line":238,"column":0},"end":{"line":238,"column":3}},"250":{"start":{"line":251,"column":0},"end":{"line":251,"column":46}},"251":{"start":{"line":252,"column":0},"end":{"line":252,"column":71}},"252":{"start":{"line":253,"column":0},"end":{"line":253,"column":35}},"255":{"start":{"line":256,"column":0},"end":{"line":256,"column":56}},"256":{"start":{"line":257,"column":0},"end":{"line":257,"column":34}},"257":{"start":{"line":258,"column":0},"end":{"line":258,"column":52}},"259":{"start":{"line":260,"column":0},"end":{"line":260,"column":22}},"260":{"start":{"line":261,"column":0},"end":{"line":261,"column":39}},"261":{"start":{"line":262,"column":0},"end":{"line":262,"column":9}},"264":{"start":{"line":265,"column":0},"end":{"line":265,"column":33}},"265":{"start":{"line":266,"column":0},"end":{"line":266,"column":32}},"266":{"start":{"line":267,"column":0},"end":{"line":267,"column":9}},"269":{"start":{"line":270,"column":0},"end":{"line":270,"column":32}},"270":{"start":{"line":271,"column":0},"end":{"line":271,"column":48}},"271":{"start":{"line":272,"column":0},"end":{"line":272,"column":51}},"272":{"start":{"line":273,"column":0},"end":{"line":273,"column":36}},"273":{"start":{"line":274,"column":0},"end":{"line":274,"column":18}},"274":{"start":{"line":275,"column":0},"end":{"line":275,"column":25}},"275":{"start":{"line":276,"column":0},"end":{"line":276,"column":11}},"276":{"start":{"line":277,"column":0},"end":{"line":277,"column":9}},"278":{"start":{"line":279,"column":0},"end":{"line":279,"column":59}},"279":{"start":{"line":280,"column":0},"end":{"line":280,"column":7}},"282":{"start":{"line":283,"column":0},"end":{"line":283,"column":34}},"283":{"start":{"line":284,"column":0},"end":{"line":284,"column":32}},"284":{"start":{"line":285,"column":0},"end":{"line":285,"column":40}},"285":{"start":{"line":286,"column":0},"end":{"line":286,"column":39}},"286":{"start":{"line":287,"column":0},"end":{"line":287,"column":9}},"287":{"start":{"line":288,"column":0},"end":{"line":288,"column":29}},"288":{"start":{"line":289,"column":0},"end":{"line":289,"column":7}},"291":{"start":{"line":292,"column":0},"end":{"line":292,"column":39}},"292":{"start":{"line":293,"column":0},"end":{"line":293,"column":33}},"293":{"start":{"line":294,"column":0},"end":{"line":294,"column":53}},"294":{"start":{"line":295,"column":0},"end":{"line":295,"column":34}},"295":{"start":{"line":296,"column":0},"end":{"line":296,"column":16}},"296":{"start":{"line":297,"column":0},"end":{"line":297,"column":38}},"297":{"start":{"line":298,"column":0},"end":{"line":298,"column":9}},"298":{"start":{"line":299,"column":0},"end":{"line":299,"column":7}},"300":{"start":{"line":301,"column":0},"end":{"line":301,"column":34}},"301":{"start":{"line":302,"column":0},"end":{"line":302,"column":42}},"302":{"start":{"line":303,"column":0},"end":{"line":303,"column":41}},"303":{"start":{"line":304,"column":0},"end":{"line":304,"column":9}},"304":{"start":{"line":305,"column":0},"end":{"line":305,"column":31}},"305":{"start":{"line":306,"column":0},"end":{"line":306,"column":7}},"307":{"start":{"line":308,"column":0},"end":{"line":308,"column":34}},"308":{"start":{"line":309,"column":0},"end":{"line":309,"column":7}},"309":{"start":{"line":310,"column":0},"end":{"line":310,"column":3}},"314":{"start":{"line":315,"column":0},"end":{"line":315,"column":68}},"315":{"start":{"line":316,"column":0},"end":{"line":316,"column":27}},"317":{"start":{"line":318,"column":0},"end":{"line":318,"column":53}},"318":{"start":{"line":319,"column":0},"end":{"line":319,"column":38}},"319":{"start":{"line":320,"column":0},"end":{"line":320,"column":51}},"320":{"start":{"line":321,"column":0},"end":{"line":321,"column":63}},"321":{"start":{"line":322,"column":0},"end":{"line":322,"column":57}},"322":{"start":{"line":323,"column":0},"end":{"line":323,"column":14}},"323":{"start":{"line":324,"column":0},"end":{"line":324,"column":28}},"324":{"start":{"line":325,"column":0},"end":{"line":325,"column":7}},"325":{"start":{"line":326,"column":0},"end":{"line":326,"column":5}},"327":{"start":{"line":328,"column":0},"end":{"line":328,"column":23}},"328":{"start":{"line":329,"column":0},"end":{"line":329,"column":3}},"334":{"start":{"line":335,"column":0},"end":{"line":335,"column":58}},"335":{"start":{"line":336,"column":0},"end":{"line":336,"column":45}},"336":{"start":{"line":337,"column":0},"end":{"line":337,"column":43}},"338":{"start":{"line":339,"column":0},"end":{"line":339,"column":29}},"339":{"start":{"line":340,"column":0},"end":{"line":340,"column":16}},"340":{"start":{"line":341,"column":0},"end":{"line":341,"column":5}},"343":{"start":{"line":344,"column":0},"end":{"line":344,"column":35}},"344":{"start":{"line":345,"column":0},"end":{"line":345,"column":46}},"345":{"start":{"line":346,"column":0},"end":{"line":346,"column":39}},"346":{"start":{"line":347,"column":0},"end":{"line":347,"column":21}},"347":{"start":{"line":348,"column":0},"end":{"line":348,"column":18}},"348":{"start":{"line":349,"column":0},"end":{"line":349,"column":7}},"350":{"start":{"line":351,"column":0},"end":{"line":351,"column":48}},"351":{"start":{"line":352,"column":0},"end":{"line":352,"column":40}},"353":{"start":{"line":354,"column":0},"end":{"line":354,"column":41}},"354":{"start":{"line":355,"column":0},"end":{"line":355,"column":38}},"355":{"start":{"line":356,"column":0},"end":{"line":356,"column":27}},"357":{"start":{"line":358,"column":0},"end":{"line":358,"column":65}},"358":{"start":{"line":359,"column":0},"end":{"line":359,"column":68}},"361":{"start":{"line":362,"column":0},"end":{"line":362,"column":41}},"362":{"start":{"line":363,"column":0},"end":{"line":363,"column":33}},"363":{"start":{"line":364,"column":0},"end":{"line":364,"column":52}},"364":{"start":{"line":365,"column":0},"end":{"line":365,"column":7}},"366":{"start":{"line":367,"column":0},"end":{"line":367,"column":87}},"368":{"start":{"line":369,"column":0},"end":{"line":369,"column":52}},"369":{"start":{"line":370,"column":0},"end":{"line":370,"column":41}},"370":{"start":{"line":371,"column":0},"end":{"line":371,"column":14}},"371":{"start":{"line":372,"column":0},"end":{"line":372,"column":7}},"373":{"start":{"line":374,"column":0},"end":{"line":374,"column":23}},"374":{"start":{"line":375,"column":0},"end":{"line":375,"column":35}},"375":{"start":{"line":376,"column":0},"end":{"line":376,"column":5}},"377":{"start":{"line":378,"column":0},"end":{"line":378,"column":28}},"378":{"start":{"line":379,"column":0},"end":{"line":379,"column":3}},"383":{"start":{"line":384,"column":0},"end":{"line":384,"column":34}},"384":{"start":{"line":385,"column":0},"end":{"line":385,"column":9}},"385":{"start":{"line":386,"column":0},"end":{"line":386,"column":37}},"386":{"start":{"line":387,"column":0},"end":{"line":387,"column":13}},"388":{"start":{"line":389,"column":0},"end":{"line":389,"column":5}},"389":{"start":{"line":390,"column":0},"end":{"line":390,"column":3}},"390":{"start":{"line":391,"column":0},"end":{"line":391,"column":1}}},"s":{"13":1,"14":1,"15":1,"30":1,"31":31,"32":31,"33":31,"34":31,"36":31,"37":31,"38":31,"39":31,"40":31,"41":31,"42":31,"47":31,"48":31,"49":31,"50":1,"51":1,"52":31,"55":30,"56":30,"57":30,"58":31,"63":31,"64":186,"66":186,"67":186,"68":186,"69":186,"70":186,"71":186,"72":0,"73":0,"74":186,"79":31,"80":0,"81":0,"82":0,"83":0,"84":0,"85":0,"86":0,"91":31,"92":141,"93":141,"99":31,"101":7,"102":4,"103":4,"106":3,"109":7,"110":0,"111":0,"113":0,"116":0,"117":0,"118":0,"121":0,"122":0,"123":0,"124":0,"125":0,"126":0,"127":0,"128":0,"129":0,"130":0,"133":3,"134":3,"135":9,"136":9,"137":9,"138":0,"139":0,"140":9,"142":3,"143":7,"148":31,"149":185,"150":185,"151":185,"152":185,"157":31,"158":12,"159":12,"164":31,"165":1,"166":1,"167":1,"168":1,"169":1,"170":1,"171":1,"176":31,"177":5,"178":5,"187":31,"189":19,"192":19,"195":19,"196":19,"197":19,"198":19,"199":19,"201":19,"204":19,"205":19,"206":19,"207":19,"212":31,"213":5,"214":5,"215":5,"220":31,"221":1,"222":1,"223":1,"228":31,"229":1,"230":1,"235":31,"236":1,"237":1,"250":31,"251":28,"252":6,"255":6,"256":3,"257":3,"259":3,"260":0,"261":0,"264":3,"265":1,"266":1,"269":2,"270":3,"271":3,"272":3,"273":3,"274":0,"275":0,"276":3,"278":3,"279":3,"282":3,"283":6,"284":2,"285":0,"286":0,"287":2,"288":2,"291":1,"292":6,"293":2,"294":2,"295":2,"296":0,"297":0,"298":2,"300":1,"301":1,"302":0,"303":0,"304":1,"305":1,"307":0,"308":28,"309":28,"314":31,"315":6,"317":6,"318":8,"319":8,"320":8,"321":0,"322":0,"323":0,"324":0,"325":8,"327":6,"328":6,"334":31,"335":1,"336":1,"338":1,"339":1,"340":1,"343":0,"344":0,"345":0,"346":0,"347":0,"348":0,"350":0,"351":0,"353":0,"354":0,"355":0,"357":0,"358":0,"361":0,"362":0,"363":0,"364":0,"366":0,"368":0,"369":0,"370":0,"371":0,"373":0,"374":0,"375":0,"377":0,"378":1,"383":31,"384":25,"385":25,"386":25,"388":2,"389":25,"390":31},"branchMap":{"0":{"type":"branch","line":31,"loc":{"start":{"line":31,"column":7},"end":{"line":391,"column":1}},"locations":[{"start":{"line":31,"column":7},"end":{"line":391,"column":1}}]},"1":{"type":"branch","line":37,"loc":{"start":{"line":37,"column":2},"end":{"line":43,"column":3}},"locations":[{"start":{"line":37,"column":2},"end":{"line":43,"column":3}}]},"2":{"type":"branch","line":48,"loc":{"start":{"line":48,"column":2},"end":{"line":59,"column":3}},"locations":[{"start":{"line":48,"column":2},"end":{"line":59,"column":3}}]},"3":{"type":"branch","line":50,"loc":{"start":{"line":50,"column":62},"end":{"line":53,"column":12}},"locations":[{"start":{"line":50,"column":62},"end":{"line":53,"column":12}}]},"4":{"type":"branch","line":53,"loc":{"start":{"line":53,"column":4},"end":{"line":58,"column":5}},"locations":[{"start":{"line":53,"column":4},"end":{"line":58,"column":5}}]},"5":{"type":"branch","line":64,"loc":{"start":{"line":64,"column":2},"end":{"line":75,"column":3}},"locations":[{"start":{"line":64,"column":2},"end":{"line":75,"column":3}}]},"6":{"type":"branch","line":65,"loc":{"start":{"line":65,"column":21},"end":{"line":65,"column":28}},"locations":[{"start":{"line":65,"column":21},"end":{"line":65,"column":28}}]},"7":{"type":"branch","line":72,"loc":{"start":{"line":72,"column":4},"end":{"line":74,"column":5}},"locations":[{"start":{"line":72,"column":4},"end":{"line":74,"column":5}}]},"8":{"type":"branch","line":92,"loc":{"start":{"line":92,"column":2},"end":{"line":94,"column":3}},"locations":[{"start":{"line":92,"column":2},"end":{"line":94,"column":3}}]},"9":{"type":"branch","line":100,"loc":{"start":{"line":100,"column":2},"end":{"line":144,"column":3}},"locations":[{"start":{"line":100,"column":2},"end":{"line":144,"column":3}}]},"10":{"type":"branch","line":102,"loc":{"start":{"line":102,"column":30},"end":{"line":104,"column":5}},"locations":[{"start":{"line":102,"column":30},"end":{"line":104,"column":5}}]},"11":{"type":"branch","line":104,"loc":{"start":{"line":104,"column":4},"end":{"line":110,"column":53}},"locations":[{"start":{"line":104,"column":4},"end":{"line":110,"column":53}}]},"12":{"type":"branch","line":110,"loc":{"start":{"line":110,"column":21},"end":{"line":110,"column":53}},"locations":[{"start":{"line":110,"column":21},"end":{"line":110,"column":53}}]},"13":{"type":"branch","line":110,"loc":{"start":{"line":110,"column":53},"end":{"line":143,"column":19}},"locations":[{"start":{"line":110,"column":53},"end":{"line":143,"column":19}}]},"14":{"type":"branch","line":110,"loc":{"start":{"line":110,"column":53},"end":{"line":131,"column":5}},"locations":[{"start":{"line":110,"column":53},"end":{"line":131,"column":5}}]},"15":{"type":"branch","line":135,"loc":{"start":{"line":135,"column":30},"end":{"line":141,"column":5}},"locations":[{"start":{"line":135,"column":30},"end":{"line":141,"column":5}}]},"16":{"type":"branch","line":138,"loc":{"start":{"line":138,"column":6},"end":{"line":140,"column":7}},"locations":[{"start":{"line":138,"column":6},"end":{"line":140,"column":7}}]},"17":{"type":"branch","line":149,"loc":{"start":{"line":149,"column":2},"end":{"line":153,"column":3}},"locations":[{"start":{"line":149,"column":2},"end":{"line":153,"column":3}}]},"18":{"type":"branch","line":158,"loc":{"start":{"line":158,"column":2},"end":{"line":160,"column":3}},"locations":[{"start":{"line":158,"column":2},"end":{"line":160,"column":3}}]},"19":{"type":"branch","line":165,"loc":{"start":{"line":165,"column":2},"end":{"line":172,"column":3}},"locations":[{"start":{"line":165,"column":2},"end":{"line":172,"column":3}}]},"20":{"type":"branch","line":177,"loc":{"start":{"line":177,"column":2},"end":{"line":179,"column":3}},"locations":[{"start":{"line":177,"column":2},"end":{"line":179,"column":3}}]},"21":{"type":"branch","line":188,"loc":{"start":{"line":188,"column":2},"end":{"line":208,"column":3}},"locations":[{"start":{"line":188,"column":2},"end":{"line":208,"column":3}}]},"22":{"type":"branch","line":190,"loc":{"start":{"line":190,"column":51},"end":{"line":190,"column":59}},"locations":[{"start":{"line":190,"column":51},"end":{"line":190,"column":59}}]},"23":{"type":"branch","line":193,"loc":{"start":{"line":193,"column":42},"end":{"line":193,"column":63}},"locations":[{"start":{"line":193,"column":42},"end":{"line":193,"column":63}}]},"24":{"type":"branch","line":193,"loc":{"start":{"line":193,"column":45},"end":{"line":193,"column":65}},"locations":[{"start":{"line":193,"column":45},"end":{"line":193,"column":65}}]},"25":{"type":"branch","line":205,"loc":{"start":{"line":205,"column":64},"end":{"line":205,"column":72}},"locations":[{"start":{"line":205,"column":64},"end":{"line":205,"column":72}}]},"26":{"type":"branch","line":213,"loc":{"start":{"line":213,"column":2},"end":{"line":216,"column":3}},"locations":[{"start":{"line":213,"column":2},"end":{"line":216,"column":3}}]},"27":{"type":"branch","line":214,"loc":{"start":{"line":214,"column":51},"end":{"line":214,"column":59}},"locations":[{"start":{"line":214,"column":51},"end":{"line":214,"column":59}}]},"28":{"type":"branch","line":221,"loc":{"start":{"line":221,"column":2},"end":{"line":224,"column":3}},"locations":[{"start":{"line":221,"column":2},"end":{"line":224,"column":3}}]},"29":{"type":"branch","line":222,"loc":{"start":{"line":222,"column":51},"end":{"line":222,"column":59}},"locations":[{"start":{"line":222,"column":51},"end":{"line":222,"column":59}}]},"30":{"type":"branch","line":229,"loc":{"start":{"line":229,"column":2},"end":{"line":231,"column":3}},"locations":[{"start":{"line":229,"column":2},"end":{"line":231,"column":3}}]},"31":{"type":"branch","line":230,"loc":{"start":{"line":230,"column":42},"end":{"line":230,"column":50}},"locations":[{"start":{"line":230,"column":42},"end":{"line":230,"column":50}}]},"32":{"type":"branch","line":236,"loc":{"start":{"line":236,"column":2},"end":{"line":238,"column":3}},"locations":[{"start":{"line":236,"column":2},"end":{"line":238,"column":3}}]},"33":{"type":"branch","line":237,"loc":{"start":{"line":237,"column":48},"end":{"line":237,"column":56}},"locations":[{"start":{"line":237,"column":48},"end":{"line":237,"column":56}}]},"34":{"type":"branch","line":251,"loc":{"start":{"line":251,"column":2},"end":{"line":310,"column":3}},"locations":[{"start":{"line":251,"column":2},"end":{"line":310,"column":3}}]},"35":{"type":"branch","line":252,"loc":{"start":{"line":252,"column":46},"end":{"line":309,"column":5}},"locations":[{"start":{"line":252,"column":46},"end":{"line":309,"column":5}}]},"36":{"type":"branch","line":256,"loc":{"start":{"line":256,"column":23},"end":{"line":256,"column":55}},"locations":[{"start":{"line":256,"column":23},"end":{"line":256,"column":55}}]},"37":{"type":"branch","line":256,"loc":{"start":{"line":256,"column":55},"end":{"line":284,"column":31}},"locations":[{"start":{"line":256,"column":55},"end":{"line":284,"column":31}}]},"38":{"type":"branch","line":260,"loc":{"start":{"line":260,"column":21},"end":{"line":262,"column":9}},"locations":[{"start":{"line":260,"column":21},"end":{"line":262,"column":9}}]},"39":{"type":"branch","line":265,"loc":{"start":{"line":265,"column":32},"end":{"line":267,"column":9}},"locations":[{"start":{"line":265,"column":32},"end":{"line":267,"column":9}}]},"40":{"type":"branch","line":267,"loc":{"start":{"line":267,"column":8},"end":{"line":271,"column":47}},"locations":[{"start":{"line":267,"column":8},"end":{"line":271,"column":47}}]},"41":{"type":"branch","line":274,"loc":{"start":{"line":274,"column":10},"end":{"line":276,"column":11}},"locations":[{"start":{"line":274,"column":10},"end":{"line":276,"column":11}}]},"42":{"type":"branch","line":277,"loc":{"start":{"line":277,"column":8},"end":{"line":279,"column":53}},"locations":[{"start":{"line":277,"column":8},"end":{"line":279,"column":53}}]},"43":{"type":"branch","line":279,"loc":{"start":{"line":279,"column":49},"end":{"line":279,"column":59}},"locations":[{"start":{"line":279,"column":49},"end":{"line":279,"column":59}}]},"44":{"type":"branch","line":284,"loc":{"start":{"line":284,"column":31},"end":{"line":289,"column":7}},"locations":[{"start":{"line":284,"column":31},"end":{"line":289,"column":7}}]},"45":{"type":"branch","line":285,"loc":{"start":{"line":285,"column":39},"end":{"line":287,"column":9}},"locations":[{"start":{"line":285,"column":39},"end":{"line":287,"column":9}}]},"46":{"type":"branch","line":289,"loc":{"start":{"line":289,"column":6},"end":{"line":293,"column":32}},"locations":[{"start":{"line":289,"column":6},"end":{"line":293,"column":32}}]},"47":{"type":"branch","line":293,"loc":{"start":{"line":293,"column":32},"end":{"line":299,"column":7}},"locations":[{"start":{"line":293,"column":32},"end":{"line":299,"column":7}}]},"48":{"type":"branch","line":296,"loc":{"start":{"line":296,"column":8},"end":{"line":298,"column":9}},"locations":[{"start":{"line":296,"column":8},"end":{"line":298,"column":9}}]},"49":{"type":"branch","line":299,"loc":{"start":{"line":299,"column":6},"end":{"line":306,"column":7}},"locations":[{"start":{"line":299,"column":6},"end":{"line":306,"column":7}}]},"50":{"type":"branch","line":302,"loc":{"start":{"line":302,"column":41},"end":{"line":304,"column":9}},"locations":[{"start":{"line":302,"column":41},"end":{"line":304,"column":9}}]},"51":{"type":"branch","line":306,"loc":{"start":{"line":306,"column":6},"end":{"line":308,"column":34}},"locations":[{"start":{"line":306,"column":6},"end":{"line":308,"column":34}}]},"52":{"type":"branch","line":315,"loc":{"start":{"line":315,"column":2},"end":{"line":329,"column":3}},"locations":[{"start":{"line":315,"column":2},"end":{"line":329,"column":3}}]},"53":{"type":"branch","line":318,"loc":{"start":{"line":318,"column":52},"end":{"line":326,"column":5}},"locations":[{"start":{"line":318,"column":52},"end":{"line":326,"column":5}}]},"54":{"type":"branch","line":321,"loc":{"start":{"line":321,"column":6},"end":{"line":325,"column":7}},"locations":[{"start":{"line":321,"column":6},"end":{"line":325,"column":7}}]},"55":{"type":"branch","line":335,"loc":{"start":{"line":335,"column":2},"end":{"line":379,"column":3}},"locations":[{"start":{"line":335,"column":2},"end":{"line":379,"column":3}}]},"56":{"type":"branch","line":341,"loc":{"start":{"line":341,"column":4},"end":{"line":378,"column":28}},"locations":[{"start":{"line":341,"column":4},"end":{"line":378,"column":28}}]},"57":{"type":"branch","line":384,"loc":{"start":{"line":384,"column":2},"end":{"line":390,"column":3}},"locations":[{"start":{"line":384,"column":2},"end":{"line":390,"column":3}}]},"58":{"type":"branch","line":386,"loc":{"start":{"line":386,"column":35},"end":{"line":387,"column":12}},"locations":[{"start":{"line":386,"column":35},"end":{"line":387,"column":12}}]},"59":{"type":"branch","line":387,"loc":{"start":{"line":387,"column":4},"end":{"line":389,"column":5}},"locations":[{"start":{"line":387,"column":4},"end":{"line":389,"column":5}}]}},"b":{"0":[31],"1":[31],"2":[31],"3":[1],"4":[30],"5":[186],"6":[0],"7":[0],"8":[141],"9":[7],"10":[4],"11":[3],"12":[0],"13":[3],"14":[0],"15":[9],"16":[0],"17":[185],"18":[12],"19":[1],"20":[5],"21":[19],"22":[0],"23":[5],"24":[14],"25":[0],"26":[5],"27":[0],"28":[1],"29":[0],"30":[1],"31":[0],"32":[1],"33":[0],"34":[28],"35":[6],"36":[3],"37":[3],"38":[0],"39":[1],"40":[2],"41":[0],"42":[2],"43":[0],"44":[2],"45":[0],"46":[1],"47":[2],"48":[0],"49":[1],"50":[0],"51":[0],"52":[6],"53":[8],"54":[0],"55":[1],"56":[0],"57":[25],"58":[23],"59":[2]},"fnMap":{"0":{"name":"<instance_members_initializer>","decl":{"start":{"line":31,"column":7},"end":{"line":391,"column":1}},"loc":{"start":{"line":31,"column":7},"end":{"line":391,"column":1}},"line":31},"1":{"name":"Blackboard","decl":{"start":{"line":37,"column":2},"end":{"line":43,"column":3}},"loc":{"start":{"line":37,"column":2},"end":{"line":43,"column":3}},"line":37},"2":{"name":"load","decl":{"start":{"line":48,"column":2},"end":{"line":59,"column":3}},"loc":{"start":{"line":48,"column":2},"end":{"line":59,"column":3}},"line":48},"3":{"name":"save","decl":{"start":{"line":64,"column":2},"end":{"line":75,"column":3}},"loc":{"start":{"line":64,"column":2},"end":{"line":75,"column":3}},"line":64},"4":{"name":"debouncedSave","decl":{"start":{"line":80,"column":10},"end":{"line":87,"column":3}},"loc":{"start":{"line":80,"column":10},"end":{"line":87,"column":3}},"line":80},"5":{"name":"get","decl":{"start":{"line":92,"column":2},"end":{"line":94,"column":3}},"loc":{"start":{"line":92,"column":2},"end":{"line":94,"column":3}},"line":92},"6":{"name":"getValue","decl":{"start":{"line":100,"column":2},"end":{"line":144,"column":3}},"loc":{"start":{"line":100,"column":2},"end":{"line":144,"column":3}},"line":100},"7":{"name":"set","decl":{"start":{"line":149,"column":2},"end":{"line":153,"column":3}},"loc":{"start":{"line":149,"column":2},"end":{"line":153,"column":3}},"line":149},"8":{"name":"has","decl":{"start":{"line":158,"column":2},"end":{"line":160,"column":3}},"loc":{"start":{"line":158,"column":2},"end":{"line":160,"column":3}},"line":158},"9":{"name":"delete","decl":{"start":{"line":165,"column":2},"end":{"line":172,"column":3}},"loc":{"start":{"line":165,"column":2},"end":{"line":172,"column":3}},"line":165},"10":{"name":"getAll","decl":{"start":{"line":177,"column":2},"end":{"line":179,"column":3}},"loc":{"start":{"line":177,"column":2},"end":{"line":179,"column":3}},"line":177},"11":{"name":"saveNodeResult","decl":{"start":{"line":188,"column":2},"end":{"line":208,"column":3}},"loc":{"start":{"line":188,"column":2},"end":{"line":208,"column":3}},"line":188},"12":{"name":"getNodeResult","decl":{"start":{"line":213,"column":2},"end":{"line":216,"column":3}},"loc":{"start":{"line":213,"column":2},"end":{"line":216,"column":3}},"line":213},"13":{"name":"getNodeResultEntry","decl":{"start":{"line":221,"column":2},"end":{"line":224,"column":3}},"loc":{"start":{"line":221,"column":2},"end":{"line":224,"column":3}},"line":221},"14":{"name":"getAllNodeResults","decl":{"start":{"line":229,"column":2},"end":{"line":231,"column":3}},"loc":{"start":{"line":229,"column":2},"end":{"line":231,"column":3}},"line":229},"15":{"name":"getExecutionOrder","decl":{"start":{"line":236,"column":2},"end":{"line":238,"column":3}},"loc":{"start":{"line":236,"column":2},"end":{"line":238,"column":3}},"line":236},"16":{"name":"resolveVariables","decl":{"start":{"line":251,"column":2},"end":{"line":310,"column":3}},"loc":{"start":{"line":251,"column":2},"end":{"line":310,"column":3}},"line":251},"17":{"name":"resolveObjectVariables","decl":{"start":{"line":315,"column":2},"end":{"line":329,"column":3}},"loc":{"start":{"line":315,"column":2},"end":{"line":329,"column":3}},"line":315},"18":{"name":"buildHistoryContext","decl":{"start":{"line":335,"column":2},"end":{"line":379,"column":3}},"loc":{"start":{"line":335,"column":2},"end":{"line":379,"column":3}},"line":335},"19":{"name":"cleanup","decl":{"start":{"line":384,"column":2},"end":{"line":390,"column":3}},"loc":{"start":{"line":384,"column":2},"end":{"line":390,"column":3}},"line":384}},"f":{"0":31,"1":31,"2":31,"3":186,"4":0,"5":141,"6":7,"7":185,"8":12,"9":1,"10":5,"11":19,"12":5,"13":1,"14":1,"15":1,"16":28,"17":6,"18":1,"19":25}}
,"/home/taeho/dotfiles/opencode/custom-plugins/flows/src/manager/FlowInstance.ts": {"path":"/home/taeho/dotfiles/opencode/custom-plugins/flows/src/manager/FlowInstance.ts","all":false,"statementMap":{"14":{"start":{"line":15,"column":0},"end":{"line":15,"column":42}},"15":{"start":{"line":16,"column":0},"end":{"line":16,"column":50}},"17":{"start":{"line":18,"column":0},"end":{"line":18,"column":27}},"18":{"start":{"line":19,"column":0},"end":{"line":19,"column":45}},"20":{"start":{"line":21,"column":0},"end":{"line":21,"column":33}},"21":{"start":{"line":22,"column":0},"end":{"line":22,"column":30}},"22":{"start":{"line":23,"column":0},"end":{"line":23,"column":33}},"23":{"start":{"line":24,"column":0},"end":{"line":24,"column":32}},"24":{"start":{"line":25,"column":0},"end":{"line":25,"column":42}},"25":{"start":{"line":26,"column":0},"end":{"line":26,"column":29}},"26":{"start":{"line":27,"column":0},"end":{"line":27,"column":28}},"28":{"start":{"line":29,"column":0},"end":{"line":29,"column":14}},"29":{"start":{"line":30,"column":0},"end":{"line":30,"column":31}},"30":{"start":{"line":31,"column":0},"end":{"line":31,"column":36}},"31":{"start":{"line":32,"column":0},"end":{"line":32,"column":46}},"32":{"start":{"line":33,"column":0},"end":{"line":33,"column":23}},"33":{"start":{"line":34,"column":0},"end":{"line":34,"column":5}},"34":{"start":{"line":35,"column":0},"end":{"line":35,"column":49}},"35":{"start":{"line":36,"column":0},"end":{"line":36,"column":45}},"36":{"start":{"line":37,"column":0},"end":{"line":37,"column":32}},"37":{"start":{"line":38,"column":0},"end":{"line":38,"column":3}},"42":{"start":{"line":43,"column":0},"end":{"line":43,"column":37}},"44":{"start":{"line":45,"column":0},"end":{"line":45,"column":33}},"47":{"start":{"line":48,"column":0},"end":{"line":48,"column":47}},"48":{"start":{"line":49,"column":0},"end":{"line":49,"column":68}},"49":{"start":{"line":50,"column":0},"end":{"line":50,"column":65}},"50":{"start":{"line":51,"column":0},"end":{"line":51,"column":65}},"51":{"start":{"line":52,"column":0},"end":{"line":52,"column":68}},"52":{"start":{"line":53,"column":0},"end":{"line":53,"column":73}},"53":{"start":{"line":54,"column":0},"end":{"line":54,"column":48}},"56":{"start":{"line":57,"column":0},"end":{"line":57,"column":41}},"57":{"start":{"line":58,"column":0},"end":{"line":58,"column":85}},"58":{"start":{"line":59,"column":0},"end":{"line":59,"column":78}},"59":{"start":{"line":60,"column":0},"end":{"line":60,"column":81}},"60":{"start":{"line":61,"column":0},"end":{"line":61,"column":79}},"61":{"start":{"line":62,"column":0},"end":{"line":62,"column":12}},"63":{"start":{"line":64,"column":0},"end":{"line":64,"column":83}},"64":{"start":{"line":65,"column":0},"end":{"line":65,"column":5}},"67":{"start":{"line":68,"column":0},"end":{"line":68,"column":46}},"68":{"start":{"line":69,"column":0},"end":{"line":69,"column":57}},"69":{"start":{"line":70,"column":0},"end":{"line":70,"column":34}},"70":{"start":{"line":71,"column":0},"end":{"line":71,"column":59}},"71":{"start":{"line":72,"column":0},"end":{"line":72,"column":12}},"72":{"start":{"line":73,"column":0},"end":{"line":73,"column":58}},"73":{"start":{"line":74,"column":0},"end":{"line":74,"column":5}},"75":{"start":{"line":76,"column":0},"end":{"line":76,"column":28}},"76":{"start":{"line":77,"column":0},"end":{"line":77,"column":3}},"81":{"start":{"line":82,"column":0},"end":{"line":82,"column":31}},"82":{"start":{"line":83,"column":0},"end":{"line":83,"column":42}},"83":{"start":{"line":84,"column":0},"end":{"line":84,"column":60}},"86":{"start":{"line":87,"column":0},"end":{"line":87,"column":69}},"87":{"start":{"line":88,"column":0},"end":{"line":88,"column":48}},"88":{"start":{"line":89,"column":0},"end":{"line":89,"column":29}},"89":{"start":{"line":90,"column":0},"end":{"line":90,"column":78}},"90":{"start":{"line":91,"column":0},"end":{"line":91,"column":13}},"91":{"start":{"line":92,"column":0},"end":{"line":92,"column":5}},"94":{"start":{"line":95,"column":0},"end":{"line":95,"column":69}},"95":{"start":{"line":96,"column":0},"end":{"line":96,"column":37}},"96":{"start":{"line":97,"column":0},"end":{"line":97,"column":29}},"97":{"start":{"line":98,"column":0},"end":{"line":98,"column":77}},"98":{"start":{"line":99,"column":0},"end":{"line":99,"column":13}},"99":{"start":{"line":100,"column":0},"end":{"line":100,"column":5}},"101":{"start":{"line":102,"column":0},"end":{"line":102,"column":57}},"102":{"start":{"line":103,"column":0},"end":{"line":103,"column":19}},"103":{"start":{"line":104,"column":0},"end":{"line":104,"column":29}},"104":{"start":{"line":105,"column":0},"end":{"line":105,"column":80}},"105":{"start":{"line":106,"column":0},"end":{"line":106,"column":13}},"106":{"start":{"line":107,"column":0},"end":{"line":107,"column":5}},"108":{"start":{"line":109,"column":0},"end":{"line":109,"column":9}},"110":{"start":{"line":111,"column":0},"end":{"line":111,"column":38}},"111":{"start":{"line":112,"column":0},"end":{"line":112,"column":46}},"112":{"start":{"line":113,"column":0},"end":{"line":113,"column":27}},"113":{"start":{"line":114,"column":0},"end":{"line":114,"column":18}},"114":{"start":{"line":115,"column":0},"end":{"line":115,"column":26}},"115":{"start":{"line":116,"column":0},"end":{"line":116,"column":21}},"116":{"start":{"line":117,"column":0},"end":{"line":117,"column":10}},"117":{"start":{"line":118,"column":0},"end":{"line":118,"column":7}},"120":{"start":{"line":121,"column":0},"end":{"line":121,"column":77}},"123":{"start":{"line":124,"column":0},"end":{"line":124,"column":38}},"124":{"start":{"line":125,"column":0},"end":{"line":125,"column":15}},"125":{"start":{"line":126,"column":0},"end":{"line":126,"column":7}},"128":{"start":{"line":129,"column":0},"end":{"line":129,"column":69}},"131":{"start":{"line":132,"column":0},"end":{"line":132,"column":24}},"132":{"start":{"line":133,"column":0},"end":{"line":133,"column":65}},"133":{"start":{"line":134,"column":0},"end":{"line":134,"column":73}},"134":{"start":{"line":135,"column":0},"end":{"line":135,"column":9}},"135":{"start":{"line":136,"column":0},"end":{"line":136,"column":7}},"138":{"start":{"line":139,"column":0},"end":{"line":139,"column":62}},"140":{"start":{"line":141,"column":0},"end":{"line":141,"column":22}},"142":{"start":{"line":143,"column":0},"end":{"line":143,"column":37}},"143":{"start":{"line":144,"column":0},"end":{"line":144,"column":64}},"144":{"start":{"line":145,"column":0},"end":{"line":145,"column":73}},"145":{"start":{"line":146,"column":0},"end":{"line":146,"column":64}},"146":{"start":{"line":147,"column":0},"end":{"line":147,"column":70}},"147":{"start":{"line":148,"column":0},"end":{"line":148,"column":16}},"149":{"start":{"line":150,"column":0},"end":{"line":150,"column":33}},"150":{"start":{"line":151,"column":0},"end":{"line":151,"column":84}},"151":{"start":{"line":152,"column":0},"end":{"line":152,"column":9}},"152":{"start":{"line":153,"column":0},"end":{"line":153,"column":15}},"153":{"start":{"line":154,"column":0},"end":{"line":154,"column":7}},"156":{"start":{"line":157,"column":0},"end":{"line":157,"column":34}},"157":{"start":{"line":158,"column":0},"end":{"line":158,"column":52}},"158":{"start":{"line":159,"column":0},"end":{"line":159,"column":26}},"159":{"start":{"line":160,"column":0},"end":{"line":160,"column":23}},"160":{"start":{"line":161,"column":0},"end":{"line":161,"column":60}},"162":{"start":{"line":163,"column":0},"end":{"line":163,"column":21}},"164":{"start":{"line":165,"column":0},"end":{"line":165,"column":73}},"165":{"start":{"line":166,"column":0},"end":{"line":166,"column":24}},"167":{"start":{"line":168,"column":0},"end":{"line":168,"column":42}},"168":{"start":{"line":169,"column":0},"end":{"line":169,"column":31}},"169":{"start":{"line":170,"column":0},"end":{"line":170,"column":77}},"170":{"start":{"line":171,"column":0},"end":{"line":171,"column":14}},"172":{"start":{"line":173,"column":0},"end":{"line":173,"column":67}},"173":{"start":{"line":174,"column":0},"end":{"line":174,"column":7}},"174":{"start":{"line":175,"column":0},"end":{"line":175,"column":5}},"175":{"start":{"line":176,"column":0},"end":{"line":176,"column":3}},"180":{"start":{"line":181,"column":0},"end":{"line":181,"column":83}},"181":{"start":{"line":182,"column":0},"end":{"line":182,"column":40}},"184":{"start":{"line":185,"column":0},"end":{"line":185,"column":31}},"185":{"start":{"line":186,"column":0},"end":{"line":186,"column":32}},"186":{"start":{"line":187,"column":0},"end":{"line":187,"column":5}},"189":{"start":{"line":190,"column":0},"end":{"line":190,"column":62}},"190":{"start":{"line":191,"column":0},"end":{"line":191,"column":64}},"191":{"start":{"line":192,"column":0},"end":{"line":192,"column":33}},"192":{"start":{"line":193,"column":0},"end":{"line":193,"column":7}},"193":{"start":{"line":194,"column":0},"end":{"line":194,"column":31}},"194":{"start":{"line":195,"column":0},"end":{"line":195,"column":32}},"195":{"start":{"line":196,"column":0},"end":{"line":196,"column":7}},"196":{"start":{"line":197,"column":0},"end":{"line":197,"column":5}},"198":{"start":{"line":199,"column":0},"end":{"line":199,"column":16}},"199":{"start":{"line":200,"column":0},"end":{"line":200,"column":3}},"204":{"start":{"line":205,"column":0},"end":{"line":205,"column":35}},"205":{"start":{"line":206,"column":0},"end":{"line":206,"column":12}},"206":{"start":{"line":207,"column":0},"end":{"line":207,"column":34}},"207":{"start":{"line":208,"column":0},"end":{"line":208,"column":34}},"208":{"start":{"line":209,"column":0},"end":{"line":209,"column":36}},"209":{"start":{"line":210,"column":0},"end":{"line":210,"column":26}},"210":{"start":{"line":211,"column":0},"end":{"line":211,"column":80}},"211":{"start":{"line":212,"column":0},"end":{"line":212,"column":45}},"212":{"start":{"line":213,"column":0},"end":{"line":213,"column":34}},"213":{"start":{"line":214,"column":0},"end":{"line":214,"column":6}},"214":{"start":{"line":215,"column":0},"end":{"line":215,"column":3}},"219":{"start":{"line":220,"column":0},"end":{"line":220,"column":31}},"220":{"start":{"line":221,"column":0},"end":{"line":221,"column":27}},"221":{"start":{"line":222,"column":0},"end":{"line":222,"column":71}},"222":{"start":{"line":223,"column":0},"end":{"line":223,"column":74}},"225":{"start":{"line":226,"column":0},"end":{"line":226,"column":25}},"226":{"start":{"line":227,"column":0},"end":{"line":227,"column":11}},"227":{"start":{"line":228,"column":0},"end":{"line":228,"column":57}},"228":{"start":{"line":229,"column":0},"end":{"line":229,"column":15}},"230":{"start":{"line":231,"column":0},"end":{"line":231,"column":7}},"231":{"start":{"line":232,"column":0},"end":{"line":232,"column":5}},"232":{"start":{"line":233,"column":0},"end":{"line":233,"column":3}},"237":{"start":{"line":238,"column":0},"end":{"line":238,"column":31}},"238":{"start":{"line":239,"column":0},"end":{"line":239,"column":27}},"239":{"start":{"line":240,"column":0},"end":{"line":240,"column":3}},"240":{"start":{"line":241,"column":0},"end":{"line":241,"column":1}}},"s":{"14":1,"15":1,"17":1,"18":5,"20":5,"21":5,"22":5,"23":5,"24":5,"25":5,"26":5,"28":5,"29":5,"30":5,"31":5,"32":5,"33":5,"34":5,"35":5,"36":5,"37":5,"42":5,"44":5,"47":5,"48":5,"49":5,"50":5,"51":5,"52":5,"53":5,"56":5,"57":5,"58":5,"59":5,"60":5,"61":5,"63":0,"64":0,"67":5,"68":5,"69":5,"70":5,"71":5,"72":0,"73":0,"75":5,"76":5,"81":5,"82":19,"83":19,"86":19,"87":19,"88":0,"89":0,"90":0,"91":0,"94":19,"95":19,"96":0,"97":0,"98":0,"99":0,"101":19,"102":19,"103":0,"104":0,"105":0,"106":0,"108":19,"110":19,"111":15,"112":15,"113":15,"114":15,"115":15,"116":15,"117":15,"120":19,"123":19,"124":5,"125":5,"128":14,"131":19,"132":4,"133":6,"134":6,"135":4,"138":14,"140":19,"142":4,"143":4,"144":4,"145":4,"146":4,"147":4,"149":0,"150":0,"151":0,"152":4,"153":4,"156":10,"157":10,"158":10,"159":10,"160":10,"162":19,"164":0,"165":0,"167":0,"168":0,"169":0,"170":0,"172":0,"173":0,"174":0,"175":19,"180":5,"181":14,"184":14,"185":10,"186":10,"189":14,"190":0,"191":0,"192":0,"193":0,"194":0,"195":0,"196":0,"198":4,"199":14,"204":5,"205":29,"206":29,"207":29,"208":29,"209":29,"210":29,"211":29,"212":29,"213":29,"214":29,"219":5,"220":5,"221":5,"222":5,"225":5,"226":5,"227":5,"228":5,"230":0,"231":5,"232":5,"237":5,"238":2,"239":2,"240":5},"branchMap":{"0":{"type":"branch","line":18,"loc":{"start":{"line":18,"column":7},"end":{"line":241,"column":1}},"locations":[{"start":{"line":18,"column":7},"end":{"line":241,"column":1}}]},"1":{"type":"branch","line":29,"loc":{"start":{"line":29,"column":2},"end":{"line":38,"column":3}},"locations":[{"start":{"line":29,"column":2},"end":{"line":38,"column":3}}]},"2":{"type":"branch","line":43,"loc":{"start":{"line":43,"column":2},"end":{"line":77,"column":3}},"locations":[{"start":{"line":43,"column":2},"end":{"line":77,"column":3}}]},"3":{"type":"branch","line":49,"loc":{"start":{"line":49,"column":47},"end":{"line":49,"column":66}},"locations":[{"start":{"line":49,"column":47},"end":{"line":49,"column":66}}]},"4":{"type":"branch","line":58,"loc":{"start":{"line":58,"column":57},"end":{"line":58,"column":82}},"locations":[{"start":{"line":58,"column":57},"end":{"line":58,"column":82}}]},"5":{"type":"branch","line":59,"loc":{"start":{"line":59,"column":51},"end":{"line":59,"column":70}},"locations":[{"start":{"line":59,"column":51},"end":{"line":59,"column":70}}]},"6":{"type":"branch","line":60,"loc":{"start":{"line":60,"column":55},"end":{"line":60,"column":78}},"locations":[{"start":{"line":60,"column":55},"end":{"line":60,"column":78}}]},"7":{"type":"branch","line":61,"loc":{"start":{"line":61,"column":53},"end":{"line":61,"column":74}},"locations":[{"start":{"line":61,"column":53},"end":{"line":61,"column":74}}]},"8":{"type":"branch","line":62,"loc":{"start":{"line":62,"column":4},"end":{"line":65,"column":5}},"locations":[{"start":{"line":62,"column":4},"end":{"line":65,"column":5}}]},"9":{"type":"branch","line":72,"loc":{"start":{"line":72,"column":4},"end":{"line":74,"column":5}},"locations":[{"start":{"line":72,"column":4},"end":{"line":74,"column":5}}]},"10":{"type":"branch","line":82,"loc":{"start":{"line":82,"column":2},"end":{"line":176,"column":3}},"locations":[{"start":{"line":82,"column":2},"end":{"line":176,"column":3}}]},"11":{"type":"branch","line":83,"loc":{"start":{"line":83,"column":35},"end":{"line":83,"column":42}},"locations":[{"start":{"line":83,"column":35},"end":{"line":83,"column":42}}]},"12":{"type":"branch","line":87,"loc":{"start":{"line":87,"column":57},"end":{"line":87,"column":69}},"locations":[{"start":{"line":87,"column":57},"end":{"line":87,"column":69}}]},"13":{"type":"branch","line":88,"loc":{"start":{"line":88,"column":47},"end":{"line":92,"column":5}},"locations":[{"start":{"line":88,"column":47},"end":{"line":92,"column":5}}]},"14":{"type":"branch","line":95,"loc":{"start":{"line":95,"column":60},"end":{"line":95,"column":69}},"locations":[{"start":{"line":95,"column":60},"end":{"line":95,"column":69}}]},"15":{"type":"branch","line":96,"loc":{"start":{"line":96,"column":36},"end":{"line":100,"column":5}},"locations":[{"start":{"line":96,"column":36},"end":{"line":100,"column":5}}]},"16":{"type":"branch","line":103,"loc":{"start":{"line":103,"column":18},"end":{"line":107,"column":5}},"locations":[{"start":{"line":103,"column":18},"end":{"line":107,"column":5}}]},"17":{"type":"branch","line":111,"loc":{"start":{"line":111,"column":37},"end":{"line":118,"column":7}},"locations":[{"start":{"line":111,"column":37},"end":{"line":118,"column":7}}]},"18":{"type":"branch","line":124,"loc":{"start":{"line":124,"column":37},"end":{"line":126,"column":7}},"locations":[{"start":{"line":124,"column":37},"end":{"line":126,"column":7}}]},"19":{"type":"branch","line":126,"loc":{"start":{"line":126,"column":6},"end":{"line":132,"column":23}},"locations":[{"start":{"line":126,"column":6},"end":{"line":132,"column":23}}]},"20":{"type":"branch","line":132,"loc":{"start":{"line":132,"column":23},"end":{"line":136,"column":7}},"locations":[{"start":{"line":132,"column":23},"end":{"line":136,"column":7}}]},"21":{"type":"branch","line":133,"loc":{"start":{"line":133,"column":64},"end":{"line":135,"column":9}},"locations":[{"start":{"line":133,"column":64},"end":{"line":135,"column":9}}]},"22":{"type":"branch","line":136,"loc":{"start":{"line":136,"column":6},"end":{"line":141,"column":21}},"locations":[{"start":{"line":136,"column":6},"end":{"line":141,"column":21}}]},"23":{"type":"branch","line":141,"loc":{"start":{"line":141,"column":21},"end":{"line":154,"column":7}},"locations":[{"start":{"line":141,"column":21},"end":{"line":154,"column":7}}]},"24":{"type":"branch","line":144,"loc":{"start":{"line":144,"column":44},"end":{"line":144,"column":64}},"locations":[{"start":{"line":144,"column":44},"end":{"line":144,"column":64}}]},"25":{"type":"branch","line":145,"loc":{"start":{"line":145,"column":50},"end":{"line":145,"column":73}},"locations":[{"start":{"line":145,"column":50},"end":{"line":145,"column":73}}]},"26":{"type":"branch","line":148,"loc":{"start":{"line":148,"column":8},"end":{"line":152,"column":9}},"locations":[{"start":{"line":148,"column":8},"end":{"line":152,"column":9}}]},"27":{"type":"branch","line":154,"loc":{"start":{"line":154,"column":6},"end":{"line":163,"column":13}},"locations":[{"start":{"line":154,"column":6},"end":{"line":163,"column":13}}]},"28":{"type":"branch","line":163,"loc":{"start":{"line":163,"column":4},"end":{"line":175,"column":5}},"locations":[{"start":{"line":163,"column":4},"end":{"line":175,"column":5}}]},"29":{"type":"branch","line":181,"loc":{"start":{"line":181,"column":10},"end":{"line":200,"column":3}},"locations":[{"start":{"line":181,"column":10},"end":{"line":200,"column":3}}]},"30":{"type":"branch","line":182,"loc":{"start":{"line":182,"column":27},"end":{"line":182,"column":40}},"locations":[{"start":{"line":182,"column":27},"end":{"line":182,"column":40}}]},"31":{"type":"branch","line":185,"loc":{"start":{"line":185,"column":30},"end":{"line":187,"column":5}},"locations":[{"start":{"line":185,"column":30},"end":{"line":187,"column":5}}]},"32":{"type":"branch","line":187,"loc":{"start":{"line":187,"column":4},"end":{"line":190,"column":36}},"locations":[{"start":{"line":187,"column":4},"end":{"line":190,"column":36}}]},"33":{"type":"branch","line":190,"loc":{"start":{"line":190,"column":23},"end":{"line":190,"column":61}},"locations":[{"start":{"line":190,"column":23},"end":{"line":190,"column":61}}]},"34":{"type":"branch","line":190,"loc":{"start":{"line":190,"column":61},"end":{"line":197,"column":5}},"locations":[{"start":{"line":190,"column":61},"end":{"line":197,"column":5}}]},"35":{"type":"branch","line":197,"loc":{"start":{"line":197,"column":4},"end":{"line":199,"column":16}},"locations":[{"start":{"line":197,"column":4},"end":{"line":199,"column":16}}]},"36":{"type":"branch","line":205,"loc":{"start":{"line":205,"column":2},"end":{"line":215,"column":3}},"locations":[{"start":{"line":205,"column":2},"end":{"line":215,"column":3}}]},"37":{"type":"branch","line":211,"loc":{"start":{"line":211,"column":50},"end":{"line":211,"column":80}},"locations":[{"start":{"line":211,"column":50},"end":{"line":211,"column":80}}]},"38":{"type":"branch","line":220,"loc":{"start":{"line":220,"column":2},"end":{"line":233,"column":3}},"locations":[{"start":{"line":220,"column":2},"end":{"line":233,"column":3}}]},"39":{"type":"branch","line":229,"loc":{"start":{"line":229,"column":6},"end":{"line":231,"column":7}},"locations":[{"start":{"line":229,"column":6},"end":{"line":231,"column":7}}]},"40":{"type":"branch","line":238,"loc":{"start":{"line":238,"column":2},"end":{"line":240,"column":3}},"locations":[{"start":{"line":238,"column":2},"end":{"line":240,"column":3}}]}},"b":{"0":[5],"1":[5],"2":[5],"3":[3],"4":[0],"5":[0],"6":[0],"7":[0],"8":[0],"9":[0],"10":[19],"11":[0],"12":[0],"13":[0],"14":[0],"15":[0],"16":[0],"17":[15],"18":[5],"19":[14],"20":[4],"21":[6],"22":[14],"23":[4],"24":[0],"25":[0],"26":[0],"27":[10],"28":[0],"29":[14],"30":[4],"31":[10],"32":[4],"33":[0],"34":[0],"35":[4],"36":[29],"37":[0],"38":[5],"39":[0],"40":[2]},"fnMap":{"0":{"name":"<instance_members_initializer>","decl":{"start":{"line":18,"column":7},"end":{"line":241,"column":1}},"loc":{"start":{"line":18,"column":7},"end":{"line":241,"column":1}},"line":18},"1":{"name":"FlowInstance","decl":{"start":{"line":29,"column":2},"end":{"line":38,"column":3}},"loc":{"start":{"line":29,"column":2},"end":{"line":38,"column":3}},"line":29},"2":{"name":"initialize","decl":{"start":{"line":43,"column":2},"end":{"line":77,"column":3}},"loc":{"start":{"line":43,"column":2},"end":{"line":77,"column":3}},"line":43},"3":{"name":"tick","decl":{"start":{"line":82,"column":2},"end":{"line":176,"column":3}},"loc":{"start":{"line":82,"column":2},"end":{"line":176,"column":3}},"line":82},"4":{"name":"getNextNode","decl":{"start":{"line":181,"column":10},"end":{"line":200,"column":3}},"loc":{"start":{"line":181,"column":10},"end":{"line":200,"column":3}},"line":181},"5":{"name":"getStatus","decl":{"start":{"line":205,"column":2},"end":{"line":215,"column":3}},"loc":{"start":{"line":205,"column":2},"end":{"line":215,"column":3}},"line":205},"6":{"name":"stop","decl":{"start":{"line":220,"column":2},"end":{"line":233,"column":3}},"loc":{"start":{"line":220,"column":2},"end":{"line":233,"column":3}},"line":220},"7":{"name":"getBlackboard","decl":{"start":{"line":238,"column":2},"end":{"line":240,"column":3}},"loc":{"start":{"line":238,"column":2},"end":{"line":240,"column":3}},"line":238}},"f":{"0":5,"1":5,"2":5,"3":19,"4":14,"5":29,"6":5,"7":2}}
,"/home/taeho/dotfiles/opencode/custom-plugins/flows/src/manager/FlowManager.ts": {"path":"/home/taeho/dotfiles/opencode/custom-plugins/flows/src/manager/FlowManager.ts","all":false,"statementMap":{"7":{"start":{"line":8,"column":0},"end":{"line":8,"column":39}},"8":{"start":{"line":9,"column":0},"end":{"line":9,"column":34}},"9":{"start":{"line":10,"column":0},"end":{"line":10,"column":30}},"10":{"start":{"line":11,"column":0},"end":{"line":11,"column":46}},"12":{"start":{"line":13,"column":0},"end":{"line":13,"column":54}},"13":{"start":{"line":14,"column":0},"end":{"line":14,"column":61}},"14":{"start":{"line":15,"column":0},"end":{"line":15,"column":36}},"16":{"start":{"line":17,"column":0},"end":{"line":17,"column":26}},"17":{"start":{"line":18,"column":0},"end":{"line":18,"column":53}},"19":{"start":{"line":20,"column":0},"end":{"line":20,"column":59}},"20":{"start":{"line":21,"column":0},"end":{"line":21,"column":53}},"21":{"start":{"line":22,"column":0},"end":{"line":22,"column":31}},"22":{"start":{"line":23,"column":0},"end":{"line":23,"column":22}},"23":{"start":{"line":24,"column":0},"end":{"line":24,"column":34}},"25":{"start":{"line":26,"column":0},"end":{"line":26,"column":25}},"26":{"start":{"line":27,"column":0},"end":{"line":27,"column":47}},"27":{"start":{"line":28,"column":0},"end":{"line":28,"column":3}},"32":{"start":{"line":33,"column":0},"end":{"line":33,"column":37}},"33":{"start":{"line":34,"column":0},"end":{"line":34,"column":32}},"34":{"start":{"line":35,"column":0},"end":{"line":35,"column":47}},"35":{"start":{"line":36,"column":0},"end":{"line":36,"column":5}},"36":{"start":{"line":37,"column":0},"end":{"line":37,"column":32}},"37":{"start":{"line":38,"column":0},"end":{"line":38,"column":3}},"42":{"start":{"line":43,"column":0},"end":{"line":43,"column":85}},"43":{"start":{"line":44,"column":0},"end":{"line":44,"column":25}},"44":{"start":{"line":45,"column":0},"end":{"line":45,"column":33}},"45":{"start":{"line":46,"column":0},"end":{"line":46,"column":17}},"46":{"start":{"line":47,"column":0},"end":{"line":47,"column":76}},"47":{"start":{"line":48,"column":0},"end":{"line":48,"column":5}},"48":{"start":{"line":49,"column":0},"end":{"line":49,"column":3}},"53":{"start":{"line":54,"column":0},"end":{"line":54,"column":67}},"54":{"start":{"line":55,"column":0},"end":{"line":55,"column":60}},"55":{"start":{"line":56,"column":0},"end":{"line":56,"column":49}},"57":{"start":{"line":58,"column":0},"end":{"line":58,"column":80}},"58":{"start":{"line":59,"column":0},"end":{"line":59,"column":45}},"60":{"start":{"line":61,"column":0},"end":{"line":61,"column":32}},"61":{"start":{"line":62,"column":0},"end":{"line":62,"column":26}},"64":{"start":{"line":65,"column":0},"end":{"line":65,"column":35}},"65":{"start":{"line":66,"column":0},"end":{"line":66,"column":92}},"66":{"start":{"line":67,"column":0},"end":{"line":67,"column":5}},"68":{"start":{"line":69,"column":0},"end":{"line":69,"column":22}},"69":{"start":{"line":70,"column":0},"end":{"line":70,"column":3}},"74":{"start":{"line":75,"column":0},"end":{"line":75,"column":79}},"76":{"start":{"line":77,"column":0},"end":{"line":77,"column":25}},"78":{"start":{"line":79,"column":0},"end":{"line":79,"column":72}},"80":{"start":{"line":81,"column":0},"end":{"line":81,"column":76}},"82":{"start":{"line":83,"column":0},"end":{"line":83,"column":83}},"83":{"start":{"line":84,"column":0},"end":{"line":84,"column":6}},"85":{"start":{"line":86,"column":0},"end":{"line":86,"column":41}},"86":{"start":{"line":87,"column":0},"end":{"line":87,"column":11}},"87":{"start":{"line":88,"column":0},"end":{"line":88,"column":61}},"88":{"start":{"line":89,"column":0},"end":{"line":89,"column":43}},"89":{"start":{"line":90,"column":0},"end":{"line":90,"column":50}},"90":{"start":{"line":91,"column":0},"end":{"line":91,"column":15}},"91":{"start":{"line":92,"column":0},"end":{"line":92,"column":17}},"92":{"start":{"line":93,"column":0},"end":{"line":93,"column":7}},"93":{"start":{"line":94,"column":0},"end":{"line":94,"column":5}},"95":{"start":{"line":96,"column":0},"end":{"line":96,"column":62}},"96":{"start":{"line":97,"column":0},"end":{"line":97,"column":3}},"101":{"start":{"line":102,"column":0},"end":{"line":102,"column":100}},"102":{"start":{"line":103,"column":0},"end":{"line":103,"column":82}},"104":{"start":{"line":105,"column":0},"end":{"line":105,"column":24}},"105":{"start":{"line":106,"column":0},"end":{"line":106,"column":52}},"106":{"start":{"line":107,"column":0},"end":{"line":107,"column":56}},"107":{"start":{"line":108,"column":0},"end":{"line":108,"column":63}},"108":{"start":{"line":109,"column":0},"end":{"line":109,"column":6}},"110":{"start":{"line":111,"column":0},"end":{"line":111,"column":35}},"111":{"start":{"line":112,"column":0},"end":{"line":112,"column":11}},"112":{"start":{"line":113,"column":0},"end":{"line":113,"column":44}},"113":{"start":{"line":114,"column":0},"end":{"line":114,"column":35}},"114":{"start":{"line":115,"column":0},"end":{"line":115,"column":48}},"116":{"start":{"line":117,"column":0},"end":{"line":117,"column":15}},"117":{"start":{"line":118,"column":0},"end":{"line":118,"column":77}},"118":{"start":{"line":119,"column":0},"end":{"line":119,"column":47}},"119":{"start":{"line":120,"column":0},"end":{"line":120,"column":24}},"120":{"start":{"line":121,"column":0},"end":{"line":121,"column":61}},"121":{"start":{"line":122,"column":0},"end":{"line":122,"column":46}},"122":{"start":{"line":123,"column":0},"end":{"line":123,"column":41}},"123":{"start":{"line":124,"column":0},"end":{"line":124,"column":15}},"124":{"start":{"line":125,"column":0},"end":{"line":125,"column":19}},"126":{"start":{"line":127,"column":0},"end":{"line":127,"column":11}},"127":{"start":{"line":128,"column":0},"end":{"line":128,"column":9}},"128":{"start":{"line":129,"column":0},"end":{"line":129,"column":15}},"130":{"start":{"line":131,"column":0},"end":{"line":131,"column":7}},"131":{"start":{"line":132,"column":0},"end":{"line":132,"column":5}},"134":{"start":{"line":135,"column":0},"end":{"line":135,"column":35}},"135":{"start":{"line":136,"column":0},"end":{"line":136,"column":32}},"136":{"start":{"line":137,"column":0},"end":{"line":137,"column":41}},"137":{"start":{"line":138,"column":0},"end":{"line":138,"column":23}},"138":{"start":{"line":139,"column":0},"end":{"line":139,"column":18}},"139":{"start":{"line":140,"column":0},"end":{"line":140,"column":7}},"140":{"start":{"line":141,"column":0},"end":{"line":141,"column":3}},"145":{"start":{"line":146,"column":0},"end":{"line":146,"column":34}},"146":{"start":{"line":147,"column":0},"end":{"line":147,"column":34}},"148":{"start":{"line":149,"column":0},"end":{"line":149,"column":49}},"149":{"start":{"line":150,"column":0},"end":{"line":150,"column":38}},"150":{"start":{"line":151,"column":0},"end":{"line":151,"column":28}},"151":{"start":{"line":152,"column":0},"end":{"line":152,"column":15}},"152":{"start":{"line":153,"column":0},"end":{"line":153,"column":7}},"154":{"start":{"line":155,"column":0},"end":{"line":155,"column":36}},"156":{"start":{"line":157,"column":0},"end":{"line":157,"column":52}},"157":{"start":{"line":158,"column":0},"end":{"line":158,"column":45}},"159":{"start":{"line":160,"column":0},"end":{"line":160,"column":44}},"160":{"start":{"line":161,"column":0},"end":{"line":161,"column":32}},"161":{"start":{"line":162,"column":0},"end":{"line":162,"column":9}},"164":{"start":{"line":165,"column":0},"end":{"line":165,"column":80}},"165":{"start":{"line":166,"column":0},"end":{"line":166,"column":41}},"166":{"start":{"line":167,"column":0},"end":{"line":167,"column":48}},"167":{"start":{"line":168,"column":0},"end":{"line":168,"column":36}},"168":{"start":{"line":169,"column":0},"end":{"line":169,"column":84}},"169":{"start":{"line":170,"column":0},"end":{"line":170,"column":14}},"170":{"start":{"line":171,"column":0},"end":{"line":171,"column":11}},"171":{"start":{"line":172,"column":0},"end":{"line":172,"column":9}},"174":{"start":{"line":175,"column":0},"end":{"line":175,"column":119}},"175":{"start":{"line":176,"column":0},"end":{"line":176,"column":28}},"176":{"start":{"line":177,"column":0},"end":{"line":177,"column":9}},"177":{"start":{"line":178,"column":0},"end":{"line":178,"column":7}},"180":{"start":{"line":181,"column":0},"end":{"line":181,"column":34}},"181":{"start":{"line":182,"column":0},"end":{"line":182,"column":34}},"182":{"start":{"line":183,"column":0},"end":{"line":183,"column":7}},"183":{"start":{"line":184,"column":0},"end":{"line":184,"column":33}},"184":{"start":{"line":185,"column":0},"end":{"line":185,"column":3}},"189":{"start":{"line":190,"column":0},"end":{"line":190,"column":32}},"190":{"start":{"line":191,"column":0},"end":{"line":191,"column":28}},"191":{"start":{"line":192,"column":0},"end":{"line":192,"column":39}},"192":{"start":{"line":193,"column":0},"end":{"line":193,"column":31}},"193":{"start":{"line":194,"column":0},"end":{"line":194,"column":5}},"194":{"start":{"line":195,"column":0},"end":{"line":195,"column":3}},"199":{"start":{"line":200,"column":0},"end":{"line":200,"column":40}},"200":{"start":{"line":201,"column":0},"end":{"line":201,"column":20}},"201":{"start":{"line":202,"column":0},"end":{"line":202,"column":3}},"206":{"start":{"line":207,"column":0},"end":{"line":207,"column":37}},"207":{"start":{"line":208,"column":0},"end":{"line":208,"column":73}},"208":{"start":{"line":209,"column":0},"end":{"line":209,"column":3}},"213":{"start":{"line":214,"column":0},"end":{"line":214,"column":73}},"214":{"start":{"line":215,"column":0},"end":{"line":215,"column":52}},"215":{"start":{"line":216,"column":0},"end":{"line":216,"column":33}},"216":{"start":{"line":217,"column":0},"end":{"line":217,"column":3}},"221":{"start":{"line":222,"column":0},"end":{"line":222,"column":52}},"222":{"start":{"line":223,"column":0},"end":{"line":223,"column":52}},"223":{"start":{"line":224,"column":0},"end":{"line":224,"column":20}},"224":{"start":{"line":225,"column":0},"end":{"line":225,"column":19}},"225":{"start":{"line":226,"column":0},"end":{"line":226,"column":5}},"227":{"start":{"line":228,"column":0},"end":{"line":228,"column":26}},"228":{"start":{"line":229,"column":0},"end":{"line":229,"column":38}},"230":{"start":{"line":231,"column":0},"end":{"line":231,"column":35}},"231":{"start":{"line":232,"column":0},"end":{"line":232,"column":80}},"232":{"start":{"line":233,"column":0},"end":{"line":233,"column":5}},"234":{"start":{"line":235,"column":0},"end":{"line":235,"column":16}},"235":{"start":{"line":236,"column":0},"end":{"line":236,"column":3}},"240":{"start":{"line":241,"column":0},"end":{"line":241,"column":36}},"241":{"start":{"line":242,"column":0},"end":{"line":242,"column":38}},"243":{"start":{"line":244,"column":0},"end":{"line":244,"column":53}},"244":{"start":{"line":245,"column":0},"end":{"line":245,"column":28}},"245":{"start":{"line":246,"column":0},"end":{"line":246,"column":5}},"247":{"start":{"line":248,"column":0},"end":{"line":248,"column":27}},"248":{"start":{"line":249,"column":0},"end":{"line":249,"column":24}},"250":{"start":{"line":251,"column":0},"end":{"line":251,"column":17}},"251":{"start":{"line":252,"column":0},"end":{"line":252,"column":3}},"256":{"start":{"line":257,"column":0},"end":{"line":257,"column":30}},"257":{"start":{"line":258,"column":0},"end":{"line":258,"column":54}},"258":{"start":{"line":259,"column":0},"end":{"line":259,"column":35}},"259":{"start":{"line":260,"column":0},"end":{"line":260,"column":13}},"260":{"start":{"line":261,"column":0},"end":{"line":261,"column":3}},"265":{"start":{"line":266,"column":0},"end":{"line":266,"column":28}},"266":{"start":{"line":267,"column":0},"end":{"line":267,"column":31}},"267":{"start":{"line":268,"column":0},"end":{"line":268,"column":3}},"268":{"start":{"line":269,"column":0},"end":{"line":269,"column":1}}},"s":{"7":1,"8":1,"9":1,"10":1,"12":1,"13":1,"14":1,"16":1,"17":1,"19":1,"20":1,"21":1,"22":1,"23":1,"25":1,"26":1,"27":1,"32":1,"33":5,"34":1,"35":1,"36":5,"37":5,"42":1,"43":5,"44":5,"45":5,"46":5,"47":5,"48":5,"53":1,"54":5,"55":5,"57":5,"58":5,"60":5,"61":5,"64":5,"65":0,"66":0,"68":5,"69":5,"74":1,"76":5,"78":5,"80":5,"82":5,"83":5,"85":5,"86":5,"87":5,"88":5,"89":5,"90":5,"91":0,"92":0,"93":5,"95":0,"96":5,"101":1,"102":1,"104":1,"105":1,"106":1,"107":1,"108":1,"110":1,"111":3,"112":3,"113":1,"114":1,"116":1,"117":1,"118":1,"119":1,"120":1,"121":1,"122":1,"123":1,"124":1,"126":0,"127":1,"128":3,"130":2,"131":3,"134":1,"135":1,"136":1,"137":1,"138":1,"139":1,"140":1,"145":1,"146":5,"148":4,"149":23,"150":0,"151":0,"152":0,"154":23,"156":23,"157":25,"159":25,"160":19,"161":19,"164":25,"165":4,"166":0,"167":0,"168":0,"169":0,"170":0,"171":4,"174":25,"175":0,"176":0,"177":25,"180":23,"181":0,"182":0,"183":4,"184":5,"189":1,"190":10,"191":4,"192":4,"193":4,"194":10,"199":1,"200":5,"201":5,"206":1,"207":0,"208":0,"213":1,"214":30,"215":30,"216":30,"221":1,"222":1,"223":1,"224":0,"225":0,"227":1,"228":1,"230":1,"231":0,"232":0,"234":1,"235":1,"240":1,"241":10,"243":10,"244":4,"245":4,"247":10,"248":10,"250":10,"251":10,"256":1,"257":0,"258":0,"259":0,"260":0,"265":1,"266":0,"267":0,"268":1},"branchMap":{"0":{"type":"branch","line":17,"loc":{"start":{"line":17,"column":7},"end":{"line":269,"column":1}},"locations":[{"start":{"line":17,"column":7},"end":{"line":269,"column":1}}]},"1":{"type":"branch","line":18,"loc":{"start":{"line":18,"column":2},"end":{"line":18,"column":53}},"locations":[{"start":{"line":18,"column":2},"end":{"line":18,"column":53}}]},"2":{"type":"branch","line":26,"loc":{"start":{"line":26,"column":10},"end":{"line":28,"column":3}},"locations":[{"start":{"line":26,"column":10},"end":{"line":28,"column":3}}]},"3":{"type":"branch","line":33,"loc":{"start":{"line":33,"column":9},"end":{"line":38,"column":3}},"locations":[{"start":{"line":33,"column":9},"end":{"line":38,"column":3}}]},"4":{"type":"branch","line":34,"loc":{"start":{"line":34,"column":31},"end":{"line":36,"column":5}},"locations":[{"start":{"line":34,"column":31},"end":{"line":36,"column":5}}]},"5":{"type":"branch","line":43,"loc":{"start":{"line":43,"column":2},"end":{"line":49,"column":3}},"locations":[{"start":{"line":43,"column":2},"end":{"line":49,"column":3}}]},"6":{"type":"branch","line":54,"loc":{"start":{"line":54,"column":2},"end":{"line":70,"column":3}},"locations":[{"start":{"line":54,"column":2},"end":{"line":70,"column":3}}]},"7":{"type":"branch","line":65,"loc":{"start":{"line":65,"column":34},"end":{"line":67,"column":5}},"locations":[{"start":{"line":65,"column":34},"end":{"line":67,"column":5}}]},"8":{"type":"branch","line":75,"loc":{"start":{"line":75,"column":2},"end":{"line":97,"column":3}},"locations":[{"start":{"line":75,"column":2},"end":{"line":97,"column":3}}]},"9":{"type":"branch","line":91,"loc":{"start":{"line":91,"column":6},"end":{"line":93,"column":7}},"locations":[{"start":{"line":91,"column":6},"end":{"line":93,"column":7}}]},"10":{"type":"branch","line":94,"loc":{"start":{"line":94,"column":4},"end":{"line":96,"column":62}},"locations":[{"start":{"line":94,"column":4},"end":{"line":96,"column":62}}]},"11":{"type":"branch","line":102,"loc":{"start":{"line":102,"column":2},"end":{"line":141,"column":3}},"locations":[{"start":{"line":102,"column":2},"end":{"line":141,"column":3}}]},"12":{"type":"branch","line":111,"loc":{"start":{"line":111,"column":34},"end":{"line":132,"column":5}},"locations":[{"start":{"line":111,"column":34},"end":{"line":132,"column":5}}]},"13":{"type":"branch","line":113,"loc":{"start":{"line":113,"column":42},"end":{"line":129,"column":14}},"locations":[{"start":{"line":113,"column":42},"end":{"line":129,"column":14}}]},"14":{"type":"branch","line":115,"loc":{"start":{"line":115,"column":39},"end":{"line":115,"column":48}},"locations":[{"start":{"line":115,"column":39},"end":{"line":115,"column":48}}]},"15":{"type":"branch","line":121,"loc":{"start":{"line":121,"column":27},"end":{"line":121,"column":61}},"locations":[{"start":{"line":121,"column":27},"end":{"line":121,"column":61}}]},"16":{"type":"branch","line":125,"loc":{"start":{"line":125,"column":10},"end":{"line":127,"column":11}},"locations":[{"start":{"line":125,"column":10},"end":{"line":127,"column":11}}]},"17":{"type":"branch","line":129,"loc":{"start":{"line":129,"column":6},"end":{"line":131,"column":7}},"locations":[{"start":{"line":129,"column":6},"end":{"line":131,"column":7}}]},"18":{"type":"branch","line":136,"loc":{"start":{"line":136,"column":24},"end":{"line":140,"column":5}},"locations":[{"start":{"line":136,"column":24},"end":{"line":140,"column":5}}]},"19":{"type":"branch","line":137,"loc":{"start":{"line":137,"column":28},"end":{"line":137,"column":41}},"locations":[{"start":{"line":137,"column":28},"end":{"line":137,"column":41}}]},"20":{"type":"branch","line":146,"loc":{"start":{"line":146,"column":10},"end":{"line":185,"column":3}},"locations":[{"start":{"line":146,"column":10},"end":{"line":185,"column":3}}]},"21":{"type":"branch","line":147,"loc":{"start":{"line":147,"column":27},"end":{"line":147,"column":34}},"locations":[{"start":{"line":147,"column":27},"end":{"line":147,"column":34}}]},"22":{"type":"branch","line":147,"loc":{"start":{"line":147,"column":27},"end":{"line":184,"column":33}},"locations":[{"start":{"line":147,"column":27},"end":{"line":184,"column":33}}]},"23":{"type":"branch","line":149,"loc":{"start":{"line":149,"column":36},"end":{"line":184,"column":7}},"locations":[{"start":{"line":149,"column":36},"end":{"line":184,"column":7}}]},"24":{"type":"branch","line":150,"loc":{"start":{"line":150,"column":37},"end":{"line":153,"column":7}},"locations":[{"start":{"line":150,"column":37},"end":{"line":153,"column":7}}]},"25":{"type":"branch","line":157,"loc":{"start":{"line":157,"column":51},"end":{"line":178,"column":7}},"locations":[{"start":{"line":157,"column":51},"end":{"line":178,"column":7}}]},"26":{"type":"branch","line":160,"loc":{"start":{"line":160,"column":43},"end":{"line":162,"column":9}},"locations":[{"start":{"line":160,"column":43},"end":{"line":162,"column":9}}]},"27":{"type":"branch","line":165,"loc":{"start":{"line":165,"column":32},"end":{"line":165,"column":79}},"locations":[{"start":{"line":165,"column":32},"end":{"line":165,"column":79}}]},"28":{"type":"branch","line":165,"loc":{"start":{"line":165,"column":79},"end":{"line":172,"column":9}},"locations":[{"start":{"line":165,"column":79},"end":{"line":172,"column":9}}]},"29":{"type":"branch","line":166,"loc":{"start":{"line":166,"column":40},"end":{"line":171,"column":11}},"locations":[{"start":{"line":166,"column":40},"end":{"line":171,"column":11}}]},"30":{"type":"branch","line":175,"loc":{"start":{"line":175,"column":25},"end":{"line":175,"column":118}},"locations":[{"start":{"line":175,"column":25},"end":{"line":175,"column":118}}]},"31":{"type":"branch","line":175,"loc":{"start":{"line":175,"column":118},"end":{"line":177,"column":9}},"locations":[{"start":{"line":175,"column":118},"end":{"line":177,"column":9}}]},"32":{"type":"branch","line":181,"loc":{"start":{"line":181,"column":33},"end":{"line":183,"column":7}},"locations":[{"start":{"line":181,"column":33},"end":{"line":183,"column":7}}]},"33":{"type":"branch","line":190,"loc":{"start":{"line":190,"column":10},"end":{"line":195,"column":3}},"locations":[{"start":{"line":190,"column":10},"end":{"line":195,"column":3}}]},"34":{"type":"branch","line":191,"loc":{"start":{"line":191,"column":27},"end":{"line":194,"column":5}},"locations":[{"start":{"line":191,"column":27},"end":{"line":194,"column":5}}]},"35":{"type":"branch","line":200,"loc":{"start":{"line":200,"column":10},"end":{"line":202,"column":3}},"locations":[{"start":{"line":200,"column":10},"end":{"line":202,"column":3}}]},"36":{"type":"branch","line":214,"loc":{"start":{"line":214,"column":2},"end":{"line":217,"column":3}},"locations":[{"start":{"line":214,"column":2},"end":{"line":217,"column":3}}]},"37":{"type":"branch","line":216,"loc":{"start":{"line":216,"column":11},"end":{"line":216,"column":31}},"locations":[{"start":{"line":216,"column":11},"end":{"line":216,"column":31}}]},"38":{"type":"branch","line":222,"loc":{"start":{"line":222,"column":2},"end":{"line":236,"column":3}},"locations":[{"start":{"line":222,"column":2},"end":{"line":236,"column":3}}]},"39":{"type":"branch","line":224,"loc":{"start":{"line":224,"column":19},"end":{"line":226,"column":5}},"locations":[{"start":{"line":224,"column":19},"end":{"line":226,"column":5}}]},"40":{"type":"branch","line":231,"loc":{"start":{"line":231,"column":34},"end":{"line":233,"column":5}},"locations":[{"start":{"line":231,"column":34},"end":{"line":233,"column":5}}]},"41":{"type":"branch","line":241,"loc":{"start":{"line":241,"column":2},"end":{"line":252,"column":3}},"locations":[{"start":{"line":241,"column":2},"end":{"line":252,"column":3}}]},"42":{"type":"branch","line":244,"loc":{"start":{"line":244,"column":52},"end":{"line":246,"column":5}},"locations":[{"start":{"line":244,"column":52},"end":{"line":246,"column":5}}]}},"b":{"0":[1],"1":[3],"2":[1],"3":[5],"4":[1],"5":[5],"6":[5],"7":[0],"8":[5],"9":[0],"10":[0],"11":[1],"12":[3],"13":[1],"14":[0],"15":[0],"16":[0],"17":[2],"18":[1],"19":[0],"20":[5],"21":[1],"22":[4],"23":[23],"24":[0],"25":[25],"26":[19],"27":[4],"28":[4],"29":[0],"30":[0],"31":[0],"32":[0],"33":[10],"34":[4],"35":[5],"36":[30],"37":[29],"38":[1],"39":[0],"40":[0],"41":[10],"42":[4]},"fnMap":{"0":{"name":"<instance_members_initializer>","decl":{"start":{"line":17,"column":7},"end":{"line":269,"column":1}},"loc":{"start":{"line":17,"column":7},"end":{"line":269,"column":1}},"line":17},"1":{"name":"<static_initializer>","decl":{"start":{"line":18,"column":2},"end":{"line":18,"column":53}},"loc":{"start":{"line":18,"column":2},"end":{"line":18,"column":53}},"line":18},"2":{"name":"FlowManager","decl":{"start":{"line":26,"column":10},"end":{"line":28,"column":3}},"loc":{"start":{"line":26,"column":10},"end":{"line":28,"column":3}},"line":26},"3":{"name":"getInstance","decl":{"start":{"line":33,"column":9},"end":{"line":38,"column":3}},"loc":{"start":{"line":33,"column":9},"end":{"line":38,"column":3}},"line":33},"4":{"name":"initialize","decl":{"start":{"line":43,"column":2},"end":{"line":49,"column":3}},"loc":{"start":{"line":43,"column":2},"end":{"line":49,"column":3}},"line":43},"5":{"name":"start","decl":{"start":{"line":54,"column":2},"end":{"line":70,"column":3}},"loc":{"start":{"line":54,"column":2},"end":{"line":70,"column":3}},"line":54},"6":{"name":"loadFlowDefinition","decl":{"start":{"line":75,"column":2},"end":{"line":97,"column":3}},"loc":{"start":{"line":75,"column":2},"end":{"line":97,"column":3}},"line":75},"7":{"name":"listAvailableFlows","decl":{"start":{"line":102,"column":2},"end":{"line":141,"column":3}},"loc":{"start":{"line":102,"column":2},"end":{"line":141,"column":3}},"line":102},"8":{"name":"ensureTickLoop","decl":{"start":{"line":146,"column":10},"end":{"line":185,"column":3}},"loc":{"start":{"line":146,"column":10},"end":{"line":185,"column":3}},"line":146},"9":{"name":"stopTickLoop","decl":{"start":{"line":190,"column":10},"end":{"line":195,"column":3}},"loc":{"start":{"line":190,"column":10},"end":{"line":195,"column":3}},"line":190},"10":{"name":"generateInstanceId","decl":{"start":{"line":200,"column":10},"end":{"line":202,"column":3}},"loc":{"start":{"line":200,"column":10},"end":{"line":202,"column":3}},"line":200},"11":{"name":"getStatus","decl":{"start":{"line":207,"column":2},"end":{"line":209,"column":3}},"loc":{"start":{"line":207,"column":2},"end":{"line":209,"column":3}},"line":207},"12":{"name":"getInstanceStatus","decl":{"start":{"line":214,"column":2},"end":{"line":217,"column":3}},"loc":{"start":{"line":214,"column":2},"end":{"line":217,"column":3}},"line":214},"13":{"name":"stop","decl":{"start":{"line":222,"column":2},"end":{"line":236,"column":3}},"loc":{"start":{"line":222,"column":2},"end":{"line":236,"column":3}},"line":222},"14":{"name":"stopAll","decl":{"start":{"line":241,"column":2},"end":{"line":252,"column":3}},"loc":{"start":{"line":241,"column":2},"end":{"line":252,"column":3}},"line":241},"15":{"name":"get runningCount","decl":{"start":{"line":257,"column":2},"end":{"line":261,"column":3}},"loc":{"start":{"line":257,"column":2},"end":{"line":261,"column":3}},"line":257},"16":{"name":"get totalCount","decl":{"start":{"line":266,"column":2},"end":{"line":268,"column":3}},"loc":{"start":{"line":266,"column":2},"end":{"line":268,"column":3}},"line":266}},"f":{"0":1,"1":3,"2":1,"3":5,"4":5,"5":5,"6":5,"7":1,"8":5,"9":10,"10":5,"11":0,"12":30,"13":1,"14":10,"15":0,"16":0}}
[...]
umn":6},"end":{"line":112,"column":7}},"locations":[{"start":{"line":110,"column":6},"end":{"line":112,"column":7}}]},"19":{"type":"branch","line":105,"loc":{"start":{"line":105,"column":22},"end":{"line":109,"column":9}},"locations":[{"start":{"line":105,"column":22},"end":{"line":109,"column":9}}]},"20":{"type":"branch","line":118,"loc":{"start":{"line":118,"column":2},"end":{"line":129,"column":3}},"locations":[{"start":{"line":118,"column":2},"end":{"line":129,"column":3}}]},"21":{"type":"branch","line":128,"loc":{"start":{"line":128,"column":11},"end":{"line":128,"column":28}},"locations":[{"start":{"line":128,"column":11},"end":{"line":128,"column":28}}]}},"b":{"0":[5],"1":[5],"2":[5],"3":[0],"4":[1],"5":[1],"6":[1],"7":[1],"8":[1],"9":[0],"10":[0],"11":[5],"12":[1],"13":[1],"14":[1],"15":[1],"16":[0],"17":[0],"18":[0],"19":[1],"20":[1],"21":[0]},"fnMap":{"0":{"name":"<instance_members_initializer>","decl":{"start":{"line":10,"column":7},"end":{"line":130,"column":1}},"loc":{"start":{"line":10,"column":7},"end":{"line":130,"column":1}},"line":10},"1":{"name":"ToolNode","decl":{"start":{"line":13,"column":2},"end":{"line":21,"column":3}},"loc":{"start":{"line":13,"column":2},"end":{"line":21,"column":3}},"line":13},"2":{"name":"execute","decl":{"start":{"line":23,"column":2},"end":{"line":61,"column":3}},"loc":{"start":{"line":23,"column":2},"end":{"line":61,"column":3}},"line":23},"3":{"name":"resolveArgs","decl":{"start":{"line":66,"column":10},"end":{"line":68,"column":3}},"loc":{"start":{"line":66,"column":10},"end":{"line":68,"column":3}},"line":66},"4":{"name":"executeRead","decl":{"start":{"line":72,"column":2},"end":{"line":76,"column":3}},"loc":{"start":{"line":72,"column":2},"end":{"line":76,"column":3}},"line":72},"5":{"name":"executeWrite","decl":{"start":{"line":78,"column":2},"end":{"line":82,"column":3}},"loc":{"start":{"line":78,"column":2},"end":{"line":82,"column":3}},"line":78},"6":{"name":"executeGlob","decl":{"start":{"line":84,"column":2},"end":{"line":89,"column":3}},"loc":{"start":{"line":84,"column":2},"end":{"line":89,"column":3}},"line":84},"7":{"name":"executeGrep","decl":{"start":{"line":91,"column":2},"end":{"line":116,"column":3}},"loc":{"start":{"line":91,"column":2},"end":{"line":116,"column":3}},"line":91},"8":{"name":"executeBash","decl":{"start":{"line":118,"column":2},"end":{"line":129,"column":3}},"loc":{"start":{"line":118,"column":2},"end":{"line":129,"column":3}},"line":118}},"f":{"0":5,"1":5,"2":5,"3":5,"4":1,"5":1,"6":1,"7":1,"8":1}}
,"/home/taeho/dotfiles/opencode/custom-plugins/flows/src/test/MockClient.ts": {"path":"/home/taeho/dotfiles/opencode/custom-plugins/flows/src/test/MockClient.ts","all":false,"statementMap":{"0":{"start":{"line":1,"column":0},"end":{"line":1,"column":28}},"2":{"start":{"line":3,"column":0},"end":{"line":3,"column":25}},"3":{"start":{"line":4,"column":0},"end":{"line":4,"column":22}},"4":{"start":{"line":5,"column":0},"end":{"line":5,"column":20}},"5":{"start":{"line":6,"column":0},"end":{"line":6,"column":20}},"7":{"start":{"line":8,"column":0},"end":{"line":8,"column":39}},"8":{"start":{"line":9,"column":0},"end":{"line":9,"column":77}},"10":{"start":{"line":11,"column":0},"end":{"line":11,"column":17}},"11":{"start":{"line":12,"column":0},"end":{"line":12,"column":25}},"12":{"start":{"line":13,"column":0},"end":{"line":13,"column":18}},"13":{"start":{"line":14,"column":0},"end":{"line":14,"column":57}},"14":{"start":{"line":15,"column":0},"end":{"line":15,"column":6}},"16":{"start":{"line":17,"column":0},"end":{"line":17,"column":20}},"17":{"start":{"line":18,"column":0},"end":{"line":18,"column":67}},"18":{"start":{"line":19,"column":0},"end":{"line":19,"column":51}},"19":{"start":{"line":20,"column":0},"end":{"line":20,"column":51}},"20":{"start":{"line":21,"column":0},"end":{"line":21,"column":56}},"21":{"start":{"line":22,"column":0},"end":{"line":22,"column":76}},"22":{"start":{"line":23,"column":0},"end":{"line":23,"column":16}},"23":{"start":{"line":24,"column":0},"end":{"line":24,"column":11}},"24":{"start":{"line":25,"column":0},"end":{"line":25,"column":30}},"25":{"start":{"line":26,"column":0},"end":{"line":26,"column":53}},"26":{"start":{"line":27,"column":0},"end":{"line":27,"column":11}},"27":{"start":{"line":28,"column":0},"end":{"line":28,"column":10}},"28":{"start":{"line":29,"column":0},"end":{"line":29,"column":9}},"29":{"start":{"line":30,"column":0},"end":{"line":30,"column":6}},"30":{"start":{"line":31,"column":0},"end":{"line":31,"column":3}},"35":{"start":{"line":36,"column":0},"end":{"line":36,"column":37}},"36":{"start":{"line":37,"column":0},"end":{"line":37,"column":38}},"37":{"start":{"line":38,"column":0},"end":{"line":38,"column":3}},"42":{"start":{"line":43,"column":0},"end":{"line":43,"column":40}},"43":{"start":{"line":44,"column":0},"end":{"line":44,"column":36}},"44":{"start":{"line":45,"column":0},"end":{"line":45,"column":3}},"49":{"start":{"line":50,"column":0},"end":{"line":50,"column":20}},"50":{"start":{"line":51,"column":0},"end":{"line":51,"column":28}},"51":{"start":{"line":52,"column":0},"end":{"line":52,"column":3}},"52":{"start":{"line":53,"column":0},"end":{"line":53,"column":1}}},"s":{"0":1,"2":1,"3":20,"4":20,"5":20,"7":20,"8":20,"10":20,"11":20,"12":20,"13":20,"14":20,"16":20,"17":20,"18":20,"19":20,"20":20,"21":1,"22":1,"23":1,"24":1,"25":1,"26":1,"27":1,"28":20,"29":20,"30":20,"35":20,"36":1,"37":1,"42":20,"43":0,"44":0,"49":20,"50":0,"51":0,"52":20},"branchMap":{"0":{"type":"branch","line":3,"loc":{"start":{"line":3,"column":7},"end":{"line":53,"column":1}},"locations":[{"start":{"line":3,"column":7},"end":{"line":53,"column":1}}]},"1":{"type":"branch","line":11,"loc":{"start":{"line":11,"column":2},"end":{"line":31,"column":3}},"locations":[{"start":{"line":11,"column":2},"end":{"line":31,"column":3}}]},"2":{"type":"branch","line":21,"loc":{"start":{"line":21,"column":43},"end":{"line":29,"column":7}},"locations":[{"start":{"line":21,"column":43},"end":{"line":29,"column":7}}]},"3":{"type":"branch","line":22,"loc":{"start":{"line":22,"column":50},"end":{"line":22,"column":76}},"locations":[{"start":{"line":22,"column":50},"end":{"line":22,"column":76}}]},"4":{"type":"branch","line":36,"loc":{"start":{"line":36,"column":2},"end":{"line":38,"column":3}},"locations":[{"start":{"line":36,"column":2},"end":{"line":38,"column":3}}]}},"b":{"0":[20],"1":[20],"2":[1],"3":[0],"4":[1]},"fnMap":{"0":{"name":"<instance_members_initializer>","decl":{"start":{"line":3,"column":7},"end":{"line":53,"column":1}},"loc":{"start":{"line":3,"column":7},"end":{"line":53,"column":1}},"line":3},"1":{"name":"MockClient","decl":{"start":{"line":11,"column":2},"end":{"line":31,"column":3}},"loc":{"start":{"line":11,"column":2},"end":{"line":31,"column":3}},"line":11},"2":{"name":"enqueueResponse","decl":{"start":{"line":36,"column":2},"end":{"line":38,"column":3}},"loc":{"start":{"line":36,"column":2},"end":{"line":38,"column":3}},"line":36},"3":{"name":"setDefaultResponse","decl":{"start":{"line":43,"column":2},"end":{"line":45,"column":3}},"loc":{"start":{"line":43,"column":2},"end":{"line":45,"column":3}},"line":43},"4":{"name":"clearResponses","decl":{"start":{"line":50,"column":2},"end":{"line":52,"column":3}},"loc":{"start":{"line":50,"column":2},"end":{"line":52,"column":3}},"line":50}},"f":{"0":20,"1":20,"2":1,"3":0,"4":0}}
,"/home/taeho/dotfiles/opencode/custom-plugins/flows/src/utils/SchemaNormalizer.ts": {"path":"/home/taeho/dotfiles/opencode/custom-plugins/flows/src/utils/SchemaNormalizer.ts","all":false,"statementMap":{"0":{"start":{"line":1,"column":0},"end":{"line":1,"column":8}},"12":{"start":{"line":13,"column":0},"end":{"line":13,"column":31}},"18":{"start":{"line":19,"column":0},"end":{"line":19,"column":48}},"20":{"start":{"line":21,"column":0},"end":{"line":21,"column":46}},"21":{"start":{"line":22,"column":0},"end":{"line":22,"column":47}},"22":{"start":{"line":23,"column":0},"end":{"line":23,"column":5}},"25":{"start":{"line":26,"column":0},"end":{"line":26,"column":51}},"27":{"start":{"line":28,"column":0},"end":{"line":28,"column":39}},"28":{"start":{"line":29,"column":0},"end":{"line":29,"column":25}},"29":{"start":{"line":30,"column":0},"end":{"line":30,"column":31}},"30":{"start":{"line":31,"column":0},"end":{"line":31,"column":39}},"31":{"start":{"line":32,"column":0},"end":{"line":32,"column":29}},"32":{"start":{"line":33,"column":0},"end":{"line":33,"column":61}},"33":{"start":{"line":34,"column":0},"end":{"line":34,"column":16}},"34":{"start":{"line":35,"column":0},"end":{"line":35,"column":6}},"37":{"start":{"line":38,"column":0},"end":{"line":38,"column":71}},"38":{"start":{"line":39,"column":0},"end":{"line":39,"column":63}},"39":{"start":{"line":40,"column":0},"end":{"line":40,"column":5}},"42":{"start":{"line":43,"column":0},"end":{"line":43,"column":49}},"43":{"start":{"line":44,"column":0},"end":{"line":44,"column":3}},"48":{"start":{"line":49,"column":0},"end":{"line":49,"column":67}},"50":{"start":{"line":51,"column":0},"end":{"line":51,"column":45}},"51":{"start":{"line":52,"column":0},"end":{"line":52,"column":34}},"52":{"start":{"line":53,"column":0},"end":{"line":53,"column":14}},"53":{"start":{"line":54,"column":0},"end":{"line":54,"column":27}},"54":{"start":{"line":55,"column":0},"end":{"line":55,"column":31}},"55":{"start":{"line":56,"column":0},"end":{"line":56,"column":67}},"56":{"start":{"line":57,"column":0},"end":{"line":57,"column":8}},"57":{"start":{"line":58,"column":0},"end":{"line":58,"column":5}},"60":{"start":{"line":61,"column":0},"end":{"line":61,"column":54}},"61":{"start":{"line":62,"column":0},"end":{"line":62,"column":18}},"62":{"start":{"line":63,"column":0},"end":{"line":63,"column":25}},"65":{"start":{"line":66,"column":0},"end":{"line":66,"column":26}},"66":{"start":{"line":67,"column":0},"end":{"line":67,"column":21}},"67":{"start":{"line":68,"column":0},"end":{"line":68,"column":16}},"68":{"start":{"line":69,"column":0},"end":{"line":69,"column":31}},"69":{"start":{"line":70,"column":0},"end":{"line":70,"column":28}},"70":{"start":{"line":71,"column":0},"end":{"line":71,"column":30}},"71":{"start":{"line":72,"column":0},"end":{"line":72,"column":8}},"72":{"start":{"line":73,"column":0},"end":{"line":73,"column":5}},"74":{"start":{"line":75,"column":0},"end":{"line":75,"column":29}},"75":{"start":{"line":76,"column":0},"end":{"line":76,"column":23}},"76":{"start":{"line":77,"column":0},"end":{"line":77,"column":16}},"77":{"start":{"line":78,"column":0},"end":{"line":78,"column":26}},"78":{"start":{"line":79,"column":0},"end":{"line":79,"column":30}},"79":{"start":{"line":80,"column":0},"end":{"line":80,"column":48}},"80":{"start":{"line":81,"column":0},"end":{"line":81,"column":8}},"81":{"start":{"line":82,"column":0},"end":{"line":82,"column":5}},"83":{"start":{"line":84,"column":0},"end":{"line":84,"column":30}},"84":{"start":{"line":85,"column":0},"end":{"line":85,"column":20}},"85":{"start":{"line":86,"column":0},"end":{"line":86,"column":16}},"86":{"start":{"line":87,"column":0},"end":{"line":87,"column":24}},"87":{"start":{"line":88,"column":0},"end":{"line":88,"column":24}},"88":{"start":{"line":89,"column":0},"end":{"line":89,"column":8}},"89":{"start":{"line":90,"column":0},"end":{"line":90,"column":5}},"91":{"start":{"line":92,"column":0},"end":{"line":92,"column":30}},"92":{"start":{"line":93,"column":0},"end":{"line":93,"column":21}},"93":{"start":{"line":94,"column":0},"end":{"line":94,"column":16}},"94":{"start":{"line":95,"column":0},"end":{"line":95,"column":28}},"95":{"start":{"line":96,"column":0},"end":{"line":96,"column":8}},"96":{"start":{"line":97,"column":0},"end":{"line":97,"column":5}},"98":{"start":{"line":99,"column":0},"end":{"line":99,"column":30}},"99":{"start":{"line":100,"column":0},"end":{"line":100,"column":20}},"100":{"start":{"line":101,"column":0},"end":{"line":101,"column":16}},"101":{"start":{"line":102,"column":0},"end":{"line":102,"column":29}},"102":{"start":{"line":103,"column":0},"end":{"line":103,"column":33}},"103":{"start":{"line":104,"column":0},"end":{"line":104,"column":36}},"104":{"start":{"line":105,"column":0},"end":{"line":105,"column":8}},"105":{"start":{"line":106,"column":0},"end":{"line":106,"column":5}},"107":{"start":{"line":108,"column":0},"end":{"line":108,"column":72}},"108":{"start":{"line":109,"column":0},"end":{"line":109,"column":19}},"109":{"start":{"line":110,"column":0},"end":{"line":110,"column":16}},"110":{"start":{"line":111,"column":0},"end":{"line":111,"column":50}},"111":{"start":{"line":112,"column":0},"end":{"line":112,"column":39}},"112":{"start":{"line":113,"column":0},"end":{"line":113,"column":8}},"113":{"start":{"line":114,"column":0},"end":{"line":114,"column":5}},"115":{"start":{"line":116,"column":0},"end":{"line":116,"column":36}},"116":{"start":{"line":117,"column":0},"end":{"line":117,"column":27}},"117":{"start":{"line":118,"column":0},"end":{"line":118,"column":16}},"118":{"start":{"line":119,"column":0},"end":{"line":119,"column":36}},"119":{"start":{"line":120,"column":0},"end":{"line":120,"column":30}},"120":{"start":{"line":121,"column":0},"end":{"line":121,"column":8}},"121":{"start":{"line":122,"column":0},"end":{"line":122,"column":5}},"123":{"start":{"line":124,"column":0},"end":{"line":124,"column":10}},"124":{"start":{"line":125,"column":0},"end":{"line":125,"column":95}},"125":{"start":{"line":126,"column":0},"end":{"line":126,"column":5}},"127":{"start":{"line":128,"column":0},"end":{"line":128,"column":12}},"128":{"start":{"line":129,"column":0},"end":{"line":129,"column":11}},"129":{"start":{"line":130,"column":0},"end":{"line":130,"column":13}},"130":{"start":{"line":131,"column":0},"end":{"line":131,"column":13}},"131":{"start":{"line":132,"column":0},"end":{"line":132,"column":6}},"132":{"start":{"line":133,"column":0},"end":{"line":133,"column":3}},"133":{"start":{"line":134,"column":0},"end":{"line":134,"column":1}}},"s":{"0":1,"12":1,"18":1,"20":9,"21":1,"22":1,"25":8,"27":8,"28":8,"29":8,"30":8,"31":8,"32":8,"33":8,"34":8,"37":9,"38":20,"39":20,"42":8,"43":9,"48":1,"50":20,"51":0,"52":0,"53":0,"54":0,"55":0,"56":0,"57":0,"60":20,"61":20,"62":20,"65":20,"66":2,"67":2,"68":2,"69":2,"70":2,"71":2,"72":2,"74":18,"75":2,"76":2,"77":2,"78":2,"79":2,"80":2,"81":2,"83":16,"84":1,"85":1,"86":1,"87":1,"88":1,"89":1,"91":15,"92":2,"93":2,"94":2,"95":2,"96":2,"98":13,"99":1,"100":1,"101":1,"102":1,"103":1,"104":1,"105":1,"107":12,"108":10,"109":10,"110":10,"111":10,"112":10,"113":10,"115":2,"116":2,"117":2,"118":2,"119":2,"120":2,"121":2,"123":0,"124":0,"125":0,"127":20,"128":20,"129":20,"130":20,"131":20,"132":20,"133":1},"branchMap":{"0":{"type":"branch","line":19,"loc":{"start":{"line":19,"column":9},"end":{"line":44,"column":3}},"locations":[{"start":{"line":19,"column":9},"end":{"line":44,"column":3}}]},"1":{"type":"branch","line":21,"loc":{"start":{"line":21,"column":14},"end":{"line":21,"column":45}},"locations":[{"start":{"line":21,"column":14},"end":{"line":21,"column":45}}]},"2":{"type":"branch","line":21,"loc":{"start":{"line":21,"column":45},"end":{"line":23,"column":5}},"locations":[{"start":{"line":21,"column":45},"end":{"line":23,"column":5}}]},"3":{"type":"branch","line":23,"loc":{"start":{"line":23,"column":4},"end":{"line":38,"column":70}},"locations":[{"start":{"line":23,"column":4},"end":{"line":38,"column":70}}]},"4":{"type":"branch","line":38,"loc":{"start":{"line":38,"column":70},"end":{"line":40,"column":5}},"locations":[{"start":{"line":38,"column":70},"end":{"line":40,"column":5}}]},"5":{"type":"branch","line":40,"loc":{"start":{"line":40,"column":4},"end":{"line":43,"column":49}},"locations":[{"start":{"line":40,"column":4},"end":{"line":43,"column":49}}]},"6":{"type":"branch","line":49,"loc":{"start":{"line":49,"column":17},"end":{"line":133,"column":3}},"locations":[{"start":{"line":49,"column":17},"end":{"line":133,"column":3}}]},"7":{"type":"branch","line":51,"loc":{"start":{"line":51,"column":18},"end":{"line":51,"column":44}},"locations":[{"start":{"line":51,"column":18},"end":{"line":51,"column":44}}]},"8":{"type":"branch","line":51,"loc":{"start":{"line":51,"column":44},"end":{"line":58,"column":5}},"locations":[{"start":{"line":51,"column":44},"end":{"line":58,"column":5}}]},"9":{"type":"branch","line":61,"loc":{"start":{"line":61,"column":27},"end":{"line":61,"column":44}},"locations":[{"start":{"line":61,"column":27},"end":{"line":61,"column":44}}]},"10":{"type":"branch","line":61,"loc":{"start":{"line":61,"column":39},"end":{"line":61,"column":54}},"locations":[{"start":{"line":61,"column":39},"end":{"line":61,"column":54}}]},"11":{"type":"branch","line":66,"loc":{"start":{"line":66,"column":25},"end":{"line":73,"column":5}},"locations":[{"start":{"line":66,"column":25},"end":{"line":73,"column":5}}]},"12":{"type":"branch","line":73,"loc":{"start":{"line":73,"column":4},"end":{"line":126,"column":5}},"locations":[{"start":{"line":73,"column":4},"end":{"line":126,"column":5}}]},"13":{"type":"branch","line":75,"loc":{"start":{"line":75,"column":28},"end":{"line":82,"column":5}},"locations":[{"start":{"line":75,"column":28},"end":{"line":82,"column":5}}]},"14":{"type":"branch","line":82,"loc":{"start":{"line":82,"column":4},"end":{"line":126,"column":5}},"locations":[{"start":{"line":82,"column":4},"end":{"line":126,"column":5}}]},"15":{"type":"branch","line":84,"loc":{"start":{"line":84,"column":29},"end":{"line":90,"column":5}},"locations":[{"start":{"line":84,"column":29},"end":{"line":90,"column":5}}]},"16":{"type":"branch","line":90,"loc":{"start":{"line":90,"column":4},"end":{"line":126,"column":5}},"locations":[{"start":{"line":90,"column":4},"end":{"line":126,"column":5}}]},"17":{"type":"branch","line":92,"loc":{"start":{"line":92,"column":29},"end":{"line":97,"column":5}},"locations":[{"start":{"line":92,"column":29},"end":{"line":97,"column":5}}]},"18":{"type":"branch","line":97,"loc":{"start":{"line":97,"column":4},"end":{"line":126,"column":5}},"locations":[{"start":{"line":97,"column":4},"end":{"line":126,"column":5}}]},"19":{"type":"branch","line":99,"loc":{"start":{"line":99,"column":29},"end":{"line":106,"column":5}},"locations":[{"start":{"line":99,"column":29},"end":{"line":106,"column":5}}]},"20":{"type":"branch","line":106,"loc":{"start":{"line":106,"column":4},"end":{"line":126,"column":5}},"locations":[{"start":{"line":106,"column":4},"end":{"line":126,"column":5}}]},"21":{"type":"branch","line":108,"loc":{"start":{"line":108,"column":22},"end":{"line":108,"column":71}},"locations":[{"start":{"line":108,"column":22},"end":{"line":108,"column":71}}]},"22":{"type":"branch","line":108,"loc":{"start":{"line":108,"column":43},"end":{"line":108,"column":71}},"locations":[{"start":{"line":108,"column":43},"end":{"line":108,"column":71}}]},"23":{"type":"branch","line":108,"loc":{"start":{"line":108,"column":71},"end":{"line":114,"column":5}},"locations":[{"start":{"line":108,"column":71},"end":{"line":114,"column":5}}]},"24":{"type":"branch","line":114,"loc":{"start":{"line":114,"column":4},"end":{"line":126,"column":5}},"locations":[{"start":{"line":114,"column":4},"end":{"line":126,"column":5}}]},"25":{"type":"branch","line":122,"loc":{"start":{"line":122,"column":4},"end":{"line":126,"column":5}},"locations":[{"start":{"line":122,"column":4},"end":{"line":126,"column":5}}]}},"b":{"0":[9],"1":[1],"2":[1],"3":[8],"4":[20],"5":[8],"6":[20],"7":[0],"8":[0],"9":[10],"10":[10],"11":[2],"12":[18],"13":[2],"14":[16],"15":[1],"16":[15],"17":[2],"18":[13],"19":[1],"20":[12],"21":[2],"22":[0],"23":[10],"24":[2],"25":[0]},"fnMap":{"0":{"name":"normalize","decl":{"start":{"line":19,"column":9},"end":{"line":44,"column":3}},"loc":{"start":{"line":19,"column":9},"end":{"line":44,"column":3}},"line":19},"1":{"name":"normalizeNode","decl":{"start":{"line":49,"column":17},"end":{"line":133,"column":3}},"loc":{"start":{"line":49,"column":17},"end":{"line":133,"column":3}},"line":49}},"f":{"0":9,"1":20}}
}
