<?xml version="1.0" encoding="UTF-8"?>
<coverage generated="1769618182811" clover="3.2.0">
  <project timestamp="1769618182811" name="All files">
    <metrics statements="103" coveredstatements="102" conditionals="82" coveredconditionals="61" methods="15" coveredmethods="15" elements="200" coveredelements="178" complexity="0" loc="103" ncloc="103" packages="1" files="1" classes="1"/>
    <file name="index.ts" path="/home/taeho/dotfiles/opencode/custom-plugins/ralph-loop/src/index.ts">
      <metrics statements="103" coveredstatements="102" conditionals="82" coveredconditionals="61" methods="15" coveredmethods="15"/>
      <line num="6" count="1" type="stmt"/>
      <line num="54" count="1" type="stmt"/>
      <line num="55" count="18" type="stmt"/>
      <line num="56" count="18" type="stmt"/>
      <line num="57" count="18" type="stmt"/>
      <line num="60" count="18" type="stmt"/>
      <line num="61" count="18" type="stmt"/>
      <line num="74" count="18" type="stmt"/>
      <line num="75" count="52" type="stmt"/>
      <line num="76" count="52" type="stmt"/>
      <line num="77" count="52" type="stmt"/>
      <line num="78" count="52" type="stmt"/>
      <line num="79" count="52" type="stmt"/>
      <line num="81" count="51" type="stmt"/>
      <line num="86" count="18" type="stmt"/>
      <line num="88" count="18" type="stmt"/>
      <line num="89" count="29" type="cond" truecount="2" falsecount="0"/>
      <line num="90" count="17" type="stmt"/>
      <line num="98" count="29" type="stmt"/>
      <line num="99" count="29" type="cond" truecount="1" falsecount="1"/>
      <line num="100" count="0" type="stmt"/>
      <line num="102" count="29" type="stmt"/>
      <line num="105" count="18" type="stmt"/>
      <line num="106" count="12" type="stmt"/>
      <line num="108" count="18" type="stmt"/>
      <line num="116" count="18" type="stmt"/>
      <line num="117" count="7" type="stmt"/>
      <line num="118" count="7" type="cond" truecount="2" falsecount="0"/>
      <line num="119" count="6" type="stmt"/>
      <line num="120" count="7" type="cond" truecount="3" falsecount="1"/>
      <line num="121" count="7" type="stmt"/>
      <line num="126" count="7" type="cond" truecount="4" falsecount="0"/>
      <line num="127" count="3" type="stmt"/>
      <line num="130" count="7" type="stmt"/>
      <line num="131" count="10" type="cond" truecount="1" falsecount="1"/>
      <line num="136" count="18" type="stmt"/>
      <line num="137" count="8" type="stmt"/>
      <line num="138" count="8" type="cond" truecount="1" falsecount="2"/>
      <line num="139" count="8" type="cond" truecount="1" falsecount="1"/>
      <line num="141" count="8" type="cond" truecount="4" falsecount="1"/>
      <line num="142" count="8" type="cond" truecount="2" falsecount="0"/>
      <line num="144" count="7" type="stmt"/>
      <line num="145" count="8" type="cond" truecount="1" falsecount="1"/>
      <line num="147" count="7" type="cond" truecount="2" falsecount="0"/>
      <line num="149" count="6" type="stmt"/>
      <line num="150" count="6" type="stmt"/>
      <line num="151" count="6" type="cond" truecount="2" falsecount="0"/>
      <line num="153" count="5" type="stmt"/>
      <line num="155" count="5" type="cond" truecount="2" falsecount="0"/>
      <line num="156" count="1" type="stmt"/>
      <line num="159" count="5" type="stmt"/>
      <line num="160" count="5" type="stmt"/>
      <line num="163" count="18" type="stmt"/>
      <line num="164" count="13" type="cond" truecount="3" falsecount="1"/>
      <line num="165" count="13" type="stmt"/>
      <line num="166" count="13" type="cond" truecount="2" falsecount="0"/>
      <line num="169" count="18" type="stmt"/>
      <line num="171" count="2" type="stmt"/>
      <line num="174" count="13" type="cond" truecount="1" falsecount="1"/>
      <line num="176" count="13" type="stmt"/>
      <line num="177" count="13" type="stmt"/>
      <line num="180" count="13" type="cond" truecount="2" falsecount="0"/>
      <line num="182" count="10" type="stmt"/>
      <line num="185" count="10" type="stmt"/>
      <line num="187" count="10" type="cond" truecount="3" falsecount="1"/>
      <line num="189" count="10" type="stmt"/>
      <line num="190" count="10" type="stmt"/>
      <line num="192" count="10" type="cond" truecount="1" falsecount="1"/>
      <line num="194" count="10" type="cond" truecount="1" falsecount="1"/>
      <line num="197" count="13" type="cond" truecount="2" falsecount="0"/>
      <line num="198" count="1" type="stmt"/>
      <line num="199" count="1" type="stmt"/>
      <line num="203" count="9" type="cond" truecount="2" falsecount="0"/>
      <line num="205" count="2" type="stmt"/>
      <line num="208" count="2" type="stmt"/>
      <line num="209" count="2" type="stmt"/>
      <line num="213" count="7" type="stmt"/>
      <line num="216" count="7" type="stmt"/>
      <line num="218" count="7" type="cond" truecount="3" falsecount="1"/>
      <line num="219" count="7" type="stmt"/>
      <line num="222" count="7" type="stmt"/>
      <line num="223" count="7" type="stmt"/>
      <line num="224" count="7" type="stmt"/>
      <line num="226" count="7" type="cond" truecount="1" falsecount="1"/>
      <line num="229" count="7" type="stmt"/>
      <line num="230" count="7" type="stmt"/>
      <line num="232" count="7" type="cond" truecount="3" falsecount="1"/>
      <line num="233" count="7" type="stmt"/>
      <line num="236" count="7" type="stmt"/>
      <line num="243" count="7" type="stmt"/>
      <line num="245" count="7" type="stmt"/>
      <line num="247" count="7" type="stmt"/>
      <line num="253" count="10" type="cond" truecount="1" falsecount="1"/>
      <line num="254" count="10" type="cond" truecount="1" falsecount="1"/>
      <line num="256" count="10" type="stmt"/>
      <line num="258" count="10" type="stmt"/>
      <line num="261" count="10" type="cond" truecount="1" falsecount="1"/>
      <line num="262" count="10" type="stmt"/>
      <line num="265" count="10" type="cond" truecount="2" falsecount="0"/>
      <line num="267" count="7" type="stmt"/>
      <line num="268" count="7" type="cond" truecount="2" falsecount="0"/>
      <line num="272" count="5" type="stmt"/>
      <line num="275" count="3" type="stmt"/>
    </file>
  </project>
</coverage>
