{"/home/taeho/dotfiles/opencode/custom-plugins/ralph-loop/src/index.ts": {"path":"/home/taeho/dotfiles/opencode/custom-plugins/ralph-loop/src/index.ts","statementMap":{"0":{"start":{"line":6,"column":21},"end":{"line":11,"column":null}},"1":{"start":{"line":54,"column":39},"end":{"line":278,"column":null}},"2":{"start":{"line":55,"column":15},"end":{"line":55,"column":null}},"3":{"start":{"line":56,"column":32},"end":{"line":56,"column":null}},"4":{"start":{"line":57,"column":26},"end":{"line":57,"column":null}},"5":{"start":{"line":60,"column":21},"end":{"line":84,"column":null}},"6":{"start":{"line":61,"column":24},"end":{"line":72,"column":null}},"7":{"start":{"line":74,"column":4},"end":{"line":83,"column":null}},"8":{"start":{"line":75,"column":6},"end":{"line":82,"column":null}},"9":{"start":{"line":76,"column":30},"end":{"line":76,"column":null}},"10":{"start":{"line":77,"column":23},"end":{"line":77,"column":null}},"11":{"start":{"line":78,"column":8},"end":{"line":78,"column":null}},"12":{"start":{"line":79,"column":8},"end":{"line":79,"column":null}},"13":{"start":{"line":81,"column":8},"end":{"line":81,"column":null}},"14":{"start":{"line":86,"column":2},"end":{"line":86,"column":null}},"15":{"start":{"line":88,"column":25},"end":{"line":103,"column":null}},"16":{"start":{"line":89,"column":4},"end":{"line":96,"column":null}},"17":{"start":{"line":90,"column":6},"end":{"line":95,"column":null}},"18":{"start":{"line":98,"column":18},"end":{"line":98,"column":null}},"19":{"start":{"line":99,"column":4},"end":{"line":101,"column":null}},"20":{"start":{"line":100,"column":6},"end":{"line":100,"column":null}},"21":{"start":{"line":102,"column":4},"end":{"line":102,"column":null}},"22":{"start":{"line":105,"column":26},"end":{"line":106,"column":null}},"23":{"start":{"line":106,"column":4},"end":{"line":106,"column":null}},"24":{"start":{"line":108,"column":32},"end":{"line":114,"column":null}},"25":{"start":{"line":108,"column":88},"end":{"line":114,"column":null}},"26":{"start":{"line":116,"column":33},"end":{"line":134,"column":null}},"27":{"start":{"line":117,"column":28},"end":{"line":117,"column":null}},"28":{"start":{"line":118,"column":4},"end":{"line":124,"column":null}},"29":{"start":{"line":119,"column":6},"end":{"line":123,"column":null}},"30":{"start":{"line":120,"column":8},"end":{"line":122,"column":null}},"31":{"start":{"line":121,"column":10},"end":{"line":121,"column":null}},"32":{"start":{"line":126,"column":4},"end":{"line":128,"column":null}},"33":{"start":{"line":127,"column":6},"end":{"line":127,"column":null}},"34":{"start":{"line":130,"column":4},"end":{"line":133,"column":null}},"35":{"start":{"line":131,"column":18},"end":{"line":131,"column":25}},"36":{"start":{"line":136,"column":34},"end":{"line":161,"column":null}},"37":{"start":{"line":137,"column":20},"end":{"line":137,"column":null}},"38":{"start":{"line":138,"column":22},"end":{"line":138,"column":null}},"39":{"start":{"line":139,"column":25},"end":{"line":139,"column":null}},"40":{"start":{"line":141,"column":4},"end":{"line":141,"column":null}},"41":{"start":{"line":141,"column":49},"end":{"line":141,"column":null}},"42":{"start":{"line":142,"column":4},"end":{"line":142,"column":null}},"43":{"start":{"line":142,"column":33},"end":{"line":142,"column":null}},"44":{"start":{"line":144,"column":25},"end":{"line":144,"column":null}},"45":{"start":{"line":145,"column":4},"end":{"line":145,"column":null}},"46":{"start":{"line":145,"column":23},"end":{"line":145,"column":null}},"47":{"start":{"line":147,"column":4},"end":{"line":147,"column":null}},"48":{"start":{"line":147,"column":55},"end":{"line":147,"column":null}},"49":{"start":{"line":149,"column":18},"end":{"line":149,"column":null}},"50":{"start":{"line":150,"column":22},"end":{"line":150,"column":null}},"51":{"start":{"line":151,"column":4},"end":{"line":151,"column":null}},"52":{"start":{"line":151,"column":50},"end":{"line":151,"column":null}},"53":{"start":{"line":153,"column":4},"end":{"line":153,"column":null}},"54":{"start":{"line":155,"column":4},"end":{"line":157,"column":null}},"55":{"start":{"line":156,"column":6},"end":{"line":156,"column":null}},"56":{"start":{"line":159,"column":4},"end":{"line":159,"column":null}},"57":{"start":{"line":160,"column":4},"end":{"line":160,"column":null}},"58":{"start":{"line":163,"column":29},"end":{"line":167,"column":null}},"59":{"start":{"line":164,"column":4},"end":{"line":164,"column":null}},"60":{"start":{"line":164,"column":49},"end":{"line":164,"column":null}},"61":{"start":{"line":165,"column":23},"end":{"line":165,"column":null}},"62":{"start":{"line":166,"column":4},"end":{"line":166,"column":null}},"63":{"start":{"line":169,"column":2},"end":{"line":277,"column":null}},"64":{"start":{"line":171,"column":6},"end":{"line":171,"column":null}},"65":{"start":{"line":174,"column":6},"end":{"line":174,"column":null}},"66":{"start":{"line":174,"column":38},"end":{"line":174,"column":null}},"67":{"start":{"line":176,"column":24},"end":{"line":176,"column":null}},"68":{"start":{"line":177,"column":20},"end":{"line":177,"column":null}},"69":{"start":{"line":180,"column":6},"end":{"line":180,"column":null}},"70":{"start":{"line":180,"column":27},"end":{"line":180,"column":null}},"71":{"start":{"line":182,"column":55},"end":{"line":182,"column":null}},"72":{"start":{"line":185,"column":31},"end":{"line":185,"column":null}},"73":{"start":{"line":187,"column":6},"end":{"line":187,"column":null}},"74":{"start":{"line":187,"column":60},"end":{"line":187,"column":null}},"75":{"start":{"line":189,"column":23},"end":{"line":189,"column":null}},"76":{"start":{"line":190,"column":26},"end":{"line":190,"column":null}},"77":{"start":{"line":192,"column":6},"end":{"line":192,"column":null}},"78":{"start":{"line":192,"column":24},"end":{"line":192,"column":null}},"79":{"start":{"line":194,"column":26},"end":{"line":194,"column":null}},"80":{"start":{"line":194,"column":56},"end":{"line":194,"column":73}},"81":{"start":{"line":197,"column":6},"end":{"line":200,"column":null}},"82":{"start":{"line":198,"column":8},"end":{"line":198,"column":null}},"83":{"start":{"line":199,"column":8},"end":{"line":199,"column":null}},"84":{"start":{"line":203,"column":6},"end":{"line":210,"column":null}},"85":{"start":{"line":205,"column":8},"end":{"line":207,"column":null}},"86":{"start":{"line":208,"column":8},"end":{"line":208,"column":null}},"87":{"start":{"line":209,"column":8},"end":{"line":209,"column":null}},"88":{"start":{"line":213,"column":6},"end":{"line":213,"column":null}},"89":{"start":{"line":216,"column":30},"end":{"line":216,"column":null}},"90":{"start":{"line":218,"column":6},"end":{"line":218,"column":null}},"91":{"start":{"line":218,"column":58},"end":{"line":218,"column":null}},"92":{"start":{"line":219,"column":22},"end":{"line":219,"column":null}},"93":{"start":{"line":222,"column":32},"end":{"line":222,"column":null}},"94":{"start":{"line":223,"column":6},"end":{"line":223,"column":null}},"95":{"start":{"line":224,"column":23},"end":{"line":224,"column":null}},"96":{"start":{"line":226,"column":6},"end":{"line":226,"column":null}},"97":{"start":{"line":229,"column":6},"end":{"line":229,"column":null}},"98":{"start":{"line":230,"column":33},"end":{"line":230,"column":null}},"99":{"start":{"line":232,"column":6},"end":{"line":232,"column":null}},"100":{"start":{"line":232,"column":64},"end":{"line":232,"column":null}},"101":{"start":{"line":233,"column":25},"end":{"line":233,"column":null}},"102":{"start":{"line":236,"column":6},"end":{"line":242,"column":null}},"103":{"start":{"line":243,"column":6},"end":{"line":243,"column":null}},"104":{"start":{"line":245,"column":28},"end":{"line":245,"column":null}},"105":{"start":{"line":247,"column":6},"end":{"line":250,"column":null}},"106":{"start":{"line":253,"column":24},"end":{"line":253,"column":null}},"107":{"start":{"line":254,"column":6},"end":{"line":254,"column":null}},"108":{"start":{"line":254,"column":22},"end":{"line":254,"column":null}},"109":{"start":{"line":256,"column":20},"end":{"line":256,"column":null}},"110":{"start":{"line":258,"column":6},"end":{"line":258,"column":null}},"111":{"start":{"line":261,"column":12},"end":{"line":261,"column":null}},"112":{"start":{"line":262,"column":35},"end":{"line":262,"column":null}},"113":{"start":{"line":265,"column":6},"end":{"line":269,"column":null}},"114":{"start":{"line":267,"column":8},"end":{"line":267,"column":null}},"115":{"start":{"line":268,"column":8},"end":{"line":268,"column":null}},"116":{"start":{"line":272,"column":6},"end":{"line":272,"column":null}},"117":{"start":{"line":275,"column":6},"end":{"line":275,"column":null}}},"fnMap":{"0":{"name":"(anonymous_0)","decl":{"start":{"line":54,"column":39},"end":{"line":54,"column":46}},"loc":{"start":{"line":54,"column":54},"end":{"line":278,"column":null}},"line":54},"1":{"name":"(anonymous_1)","decl":{"start":{"line":60,"column":21},"end":{"line":60,"column":33}},"loc":{"start":{"line":60,"column":33},"end":{"line":84,"column":null}},"line":60},"2":{"name":"(anonymous_2)","decl":{"start":{"line":88,"column":25},"end":{"line":88,"column":26}},"loc":{"start":{"line":88,"column":62},"end":{"line":103,"column":null}},"line":88},"3":{"name":"(anonymous_3)","decl":{"start":{"line":105,"column":26},"end":{"line":105,"column":null}},"loc":{"start":{"line":106,"column":4},"end":{"line":106,"column":null}},"line":106},"4":{"name":"(anonymous_4)","decl":{"start":{"line":108,"column":32},"end":{"line":108,"column":33}},"loc":{"start":{"line":108,"column":88},"end":{"line":114,"column":null}},"line":108},"5":{"name":"(anonymous_5)","decl":{"start":{"line":116,"column":33},"end":{"line":116,"column":34}},"loc":{"start":{"line":116,"column":80},"end":{"line":134,"column":null}},"line":116},"6":{"name":"(anonymous_6)","decl":{"start":{"line":131,"column":11},"end":{"line":131,"column":12}},"loc":{"start":{"line":131,"column":18},"end":{"line":131,"column":25}},"line":131},"7":{"name":"(anonymous_7)","decl":{"start":{"line":136,"column":34},"end":{"line":136,"column":41}},"loc":{"start":{"line":136,"column":72},"end":{"line":161,"column":null}},"line":136},"8":{"name":"(anonymous_8)","decl":{"start":{"line":163,"column":29},"end":{"line":163,"column":30}},"loc":{"start":{"line":163,"column":72},"end":{"line":167,"column":null}},"line":163},"9":{"name":"(anonymous_9)","decl":{"start":{"line":170,"column":12},"end":{"line":170,"column":19}},"loc":{"start":{"line":170,"column":33},"end":{"line":172,"column":null}},"line":170},"10":{"name":"(anonymous_10)","decl":{"start":{"line":173,"column":11},"end":{"line":173,"column":18}},"loc":{"start":{"line":173,"column":32},"end":{"line":251,"column":null}},"line":173},"11":{"name":"(anonymous_11)","decl":{"start":{"line":194,"column":49},"end":{"line":194,"column":50}},"loc":{"start":{"line":194,"column":56},"end":{"line":194,"column":73}},"line":194},"12":{"name":"(anonymous_12)","decl":{"start":{"line":252,"column":20},"end":{"line":252,"column":27}},"loc":{"start":{"line":252,"column":73},"end":{"line":270,"column":null}},"line":252},"13":{"name":"(anonymous_13)","decl":{"start":{"line":271,"column":23},"end":{"line":271,"column":30}},"loc":{"start":{"line":271,"column":68},"end":{"line":273,"column":null}},"line":271},"14":{"name":"(anonymous_14)","decl":{"start":{"line":274,"column":28},"end":{"line":274,"column":35}},"loc":{"start":{"line":274,"column":73},"end":{"line":276,"column":null}},"line":274}},"branchMap":{"0":{"loc":{"start":{"line":63,"column":16},"end":{"line":63,"column":40}},"type":"binary-expr","locations":[{"start":{"line":63,"column":16},"end":{"line":63,"column":36}},{"start":{"line":63,"column":36},"end":{"line":63,"column":40}}],"line":63},"1":{"loc":{"start":{"line":65,"column":8},"end":{"line":65,"column":null}},"type":"binary-expr","locations":[{"start":{"line":65,"column":8},"end":{"line":65,"column":28}},{"start":{"line":65,"column":28},"end":{"line":65,"column":null}}],"line":65},"2":{"loc":{"start":{"line":89,"column":4},"end":{"line":96,"column":null}},"type":"if","locations":[{"start":{"line":89,"column":4},"end":{"line":96,"column":null}},{"start":{},"end":{}}],"line":89},"3":{"loc":{"start":{"line":99,"column":4},"end":{"line":101,"column":null}},"type":"if","locations":[{"start":{"line":99,"column":4},"end":{"line":101,"column":null}},{"start":{},"end":{}}],"line":99},"4":{"loc":{"start":{"line":118,"column":4},"end":{"line":124,"column":null}},"type":"if","locations":[{"start":{"line":118,"column":4},"end":{"line":124,"column":null}},{"start":{},"end":{}}],"line":118},"5":{"loc":{"start":{"line":120,"column":8},"end":{"line":122,"column":null}},"type":"if","locations":[{"start":{"line":120,"column":8},"end":{"line":122,"column":null}},{"start":{},"end":{}}],"line":120},"6":{"loc":{"start":{"line":120,"column":12},"end":{"line":120,"column":82}},"type":"binary-expr","locations":[{"start":{"line":120,"column":12},"end":{"line":120,"column":44}},{"start":{"line":120,"column":44},"end":{"line":120,"column":82}}],"line":120},"7":{"loc":{"start":{"line":126,"column":4},"end":{"line":128,"column":null}},"type":"if","locations":[{"start":{"line":126,"column":4},"end":{"line":128,"column":null}},{"start":{},"end":{}}],"line":126},"8":{"loc":{"start":{"line":126,"column":8},"end":{"line":126,"column":64}},"type":"binary-expr","locations":[{"start":{"line":126,"column":8},"end":{"line":126,"column":33}},{"start":{"line":126,"column":33},"end":{"line":126,"column":64}}],"line":126},"9":{"loc":{"start":{"line":131,"column":18},"end":{"line":131,"column":25}},"type":"binary-expr","locations":[{"start":{"line":131,"column":18},"end":{"line":131,"column":23}},{"start":{"line":131,"column":23},"end":{"line":131,"column":25}}],"line":131},"10":{"loc":{"start":{"line":138,"column":22},"end":{"line":138,"column":null}},"type":"binary-expr","locations":[{"start":{"line":138,"column":22},"end":{"line":138,"column":44}},{"start":{"line":138,"column":44},"end":{"line":138,"column":66}},{"start":{"line":138,"column":66},"end":{"line":138,"column":null}}],"line":138},"11":{"loc":{"start":{"line":139,"column":25},"end":{"line":139,"column":null}},"type":"binary-expr","locations":[{"start":{"line":139,"column":25},"end":{"line":139,"column":40}},{"start":{"line":139,"column":40},"end":{"line":139,"column":null}}],"line":139},"12":{"loc":{"start":{"line":141,"column":4},"end":{"line":141,"column":null}},"type":"if","locations":[{"start":{"line":141,"column":4},"end":{"line":141,"column":null}},{"start":{},"end":{}}],"line":141},"13":{"loc":{"start":{"line":141,"column":8},"end":{"line":141,"column":49}},"type":"binary-expr","locations":[{"start":{"line":141,"column":8},"end":{"line":141,"column":20}},{"start":{"line":141,"column":20},"end":{"line":141,"column":34}},{"start":{"line":141,"column":34},"end":{"line":141,"column":49}}],"line":141},"14":{"loc":{"start":{"line":142,"column":4},"end":{"line":142,"column":null}},"type":"if","locations":[{"start":{"line":142,"column":4},"end":{"line":142,"column":null}},{"start":{},"end":{}}],"line":142},"15":{"loc":{"start":{"line":145,"column":4},"end":{"line":145,"column":null}},"type":"if","locations":[{"start":{"line":145,"column":4},"end":{"line":145,"column":null}},{"start":{},"end":{}}],"line":145},"16":{"loc":{"start":{"line":147,"column":4},"end":{"line":147,"column":null}},"type":"if","locations":[{"start":{"line":147,"column":4},"end":{"line":147,"column":null}},{"start":{},"end":{}}],"line":147},"17":{"loc":{"start":{"line":151,"column":4},"end":{"line":151,"column":null}},"type":"if","locations":[{"start":{"line":151,"column":4},"end":{"line":151,"column":null}},{"start":{},"end":{}}],"line":151},"18":{"loc":{"start":{"line":155,"column":4},"end":{"line":157,"column":null}},"type":"if","locations":[{"start":{"line":155,"column":4},"end":{"line":157,"column":null}},{"start":{},"end":{}}],"line":155},"19":{"loc":{"start":{"line":164,"column":4},"end":{"line":164,"column":null}},"type":"if","locations":[{"start":{"line":164,"column":4},"end":{"line":164,"column":null}},{"start":{},"end":{}}],"line":164},"20":{"loc":{"start":{"line":164,"column":8},"end":{"line":164,"column":49}},"type":"binary-expr","locations":[{"start":{"line":164,"column":8},"end":{"line":164,"column":35}},{"start":{"line":164,"column":35},"end":{"line":164,"column":49}}],"line":164},"21":{"loc":{"start":{"line":166,"column":11},"end":{"line":166,"column":null}},"type":"binary-expr","locations":[{"start":{"line":166,"column":11},"end":{"line":166,"column":49}},{"start":{"line":166,"column":49},"end":{"line":166,"column":null}}],"line":166},"22":{"loc":{"start":{"line":174,"column":6},"end":{"line":174,"column":null}},"type":"if","locations":[{"start":{"line":174,"column":6},"end":{"line":174,"column":null}},{"start":{},"end":{}}],"line":174},"23":{"loc":{"start":{"line":180,"column":6},"end":{"line":180,"column":null}},"type":"if","locations":[{"start":{"line":180,"column":6},"end":{"line":180,"column":null}},{"start":{},"end":{}}],"line":180},"24":{"loc":{"start":{"line":187,"column":6},"end":{"line":187,"column":null}},"type":"if","locations":[{"start":{"line":187,"column":6},"end":{"line":187,"column":null}},{"start":{},"end":{}}],"line":187},"25":{"loc":{"start":{"line":187,"column":10},"end":{"line":187,"column":60}},"type":"binary-expr","locations":[{"start":{"line":187,"column":10},"end":{"line":187,"column":36}},{"start":{"line":187,"column":36},"end":{"line":187,"column":60}}],"line":187},"26":{"loc":{"start":{"line":192,"column":6},"end":{"line":192,"column":null}},"type":"if","locations":[{"start":{"line":192,"column":6},"end":{"line":192,"column":null}},{"start":{},"end":{}}],"line":192},"27":{"loc":{"start":{"line":194,"column":26},"end":{"line":194,"column":null}},"type":"binary-expr","locations":[{"start":{"line":194,"column":26},"end":{"line":194,"column":84}},{"start":{"line":194,"column":84},"end":{"line":194,"column":null}}],"line":194},"28":{"loc":{"start":{"line":197,"column":6},"end":{"line":200,"column":null}},"type":"if","locations":[{"start":{"line":197,"column":6},"end":{"line":200,"column":null}},{"start":{},"end":{}}],"line":197},"29":{"loc":{"start":{"line":203,"column":6},"end":{"line":210,"column":null}},"type":"if","locations":[{"start":{"line":203,"column":6},"end":{"line":210,"column":null}},{"start":{},"end":{}}],"line":203},"30":{"loc":{"start":{"line":218,"column":6},"end":{"line":218,"column":null}},"type":"if","locations":[{"start":{"line":218,"column":6},"end":{"line":218,"column":null}},{"start":{},"end":{}}],"line":218},"31":{"loc":{"start":{"line":218,"column":10},"end":{"line":218,"column":58}},"type":"binary-expr","locations":[{"start":{"line":218,"column":10},"end":{"line":218,"column":35}},{"start":{"line":218,"column":35},"end":{"line":218,"column":58}}],"line":218},"32":{"loc":{"start":{"line":226,"column":35},"end":{"line":226,"column":92}},"type":"cond-expr","locations":[{"start":{"line":226,"column":65},"end":{"line":226,"column":75}},{"start":{"line":226,"column":75},"end":{"line":226,"column":92}}],"line":226},"33":{"loc":{"start":{"line":232,"column":6},"end":{"line":232,"column":null}},"type":"if","locations":[{"start":{"line":232,"column":6},"end":{"line":232,"column":null}},{"start":{},"end":{}}],"line":232},"34":{"loc":{"start":{"line":232,"column":10},"end":{"line":232,"column":64}},"type":"binary-expr","locations":[{"start":{"line":232,"column":10},"end":{"line":232,"column":38}},{"start":{"line":232,"column":38},"end":{"line":232,"column":64}}],"line":232},"35":{"loc":{"start":{"line":253,"column":24},"end":{"line":253,"column":null}},"type":"binary-expr","locations":[{"start":{"line":253,"column":24},"end":{"line":253,"column":44}},{"start":{"line":253,"column":44},"end":{"line":253,"column":null}}],"line":253},"36":{"loc":{"start":{"line":254,"column":6},"end":{"line":254,"column":null}},"type":"if","locations":[{"start":{"line":254,"column":6},"end":{"line":254,"column":null}},{"start":{},"end":{}}],"line":254},"37":{"loc":{"start":{"line":261,"column":29},"end":{"line":261,"column":80}},"type":"cond-expr","locations":[{"start":{"line":261,"column":57},"end":{"line":261,"column":65}},{"start":{"line":261,"column":65},"end":{"line":261,"column":80}}],"line":261},"38":{"loc":{"start":{"line":265,"column":6},"end":{"line":269,"column":null}},"type":"if","locations":[{"start":{"line":265,"column":6},"end":{"line":269,"column":null}},{"start":{},"end":{}}],"line":265},"39":{"loc":{"start":{"line":268,"column":59},"end":{"line":268,"column":90}},"type":"binary-expr","locations":[{"start":{"line":268,"column":59},"end":{"line":268,"column":81}},{"start":{"line":268,"column":81},"end":{"line":268,"column":90}}],"line":268}},"s":{"0":1,"1":1,"2":18,"3":18,"4":18,"5":18,"6":18,"7":18,"8":52,"9":52,"10":52,"11":52,"12":52,"13":51,"14":18,"15":18,"16":29,"17":17,"18":29,"19":29,"20":0,"21":29,"22":18,"23":12,"24":18,"25":12,"26":18,"27":7,"28":7,"29":6,"30":7,"31":7,"32":7,"33":3,"34":7,"35":10,"36":18,"37":8,"38":8,"39":8,"40":8,"41":0,"42":8,"43":1,"44":7,"45":8,"46":0,"47":7,"48":1,"49":6,"50":6,"51":6,"52":1,"53":5,"54":5,"55":1,"56":5,"57":5,"58":18,"59":13,"60":0,"61":13,"62":13,"63":18,"64":2,"65":13,"66":0,"67":13,"68":13,"69":13,"70":3,"71":10,"72":10,"73":10,"74":0,"75":10,"76":10,"77":10,"78":0,"79":10,"80":10,"81":13,"82":1,"83":1,"84":9,"85":2,"86":2,"87":2,"88":7,"89":7,"90":7,"91":0,"92":7,"93":7,"94":7,"95":7,"96":7,"97":7,"98":7,"99":7,"100":0,"101":7,"102":7,"103":7,"104":7,"105":7,"106":10,"107":10,"108":0,"109":10,"110":10,"111":10,"112":10,"113":10,"114":7,"115":7,"116":5,"117":3},"f":{"0":18,"1":18,"2":29,"3":12,"4":12,"5":7,"6":10,"7":8,"8":13,"9":2,"10":13,"11":10,"12":10,"13":5,"14":3},"b":{"0":[18,0],"1":[18,0],"2":[17,12],"3":[0,29],"4":[6,1],"5":[7,0],"6":[7,7],"7":[3,4],"8":[7,3],"9":[10,0],"10":[8,0,0],"11":[8,0],"12":[0,8],"13":[8,8,8],"14":[1,7],"15":[0,8],"16":[1,6],"17":[1,5],"18":[1,4],"19":[0,13],"20":[13,13],"21":[13,13],"22":[0,13],"23":[3,10],"24":[0,10],"25":[10,10],"26":[0,10],"27":[10,0],"28":[1,12],"29":[2,7],"30":[0,7],"31":[7,7],"32":[7,0],"33":[0,7],"34":[7,7],"35":[10,0],"36":[0,10],"37":[10,0],"38":[7,3],"39":[7,7]},"meta":{"lastBranch":40,"lastFunction":15,"lastStatement":118,"seen":{"s:6:21:11:Infinity":0,"s:54:39:278:Infinity":1,"f:54:39:54:46":0,"s:55:15:55:Infinity":2,"s:56:32:56:Infinity":3,"s:57:26:57:Infinity":4,"s:60:21:84:Infinity":5,"f:60:21:60:33":1,"s:61:24:72:Infinity":6,"b:63:16:63:36:63:36:63:40":0,"b:65:8:65:28:65:28:65:Infinity":1,"s:74:4:83:Infinity":7,"s:75:6:82:Infinity":8,"s:76:30:76:Infinity":9,"s:77:23:77:Infinity":10,"s:78:8:78:Infinity":11,"s:79:8:79:Infinity":12,"s:81:8:81:Infinity":13,"s:86:2:86:Infinity":14,"s:88:25:103:Infinity":15,"f:88:25:88:26":2,"b:89:4:96:Infinity:undefined:undefined:undefined:undefined":2,"s:89:4:96:Infinity":16,"s:90:6:95:Infinity":17,"s:98:18:98:Infinity":18,"b:99:4:101:Infinity:undefined:undefined:undefined:undefined":3,"s:99:4:101:Infinity":19,"s:100:6:100:Infinity":20,"s:102:4:102:Infinity":21,"s:105:26:106:Infinity":22,"f:105:26:105:Infinity":3,"s:106:4:106:Infinity":23,"s:108:32:114:Infinity":24,"f:108:32:108:33":4,"s:108:88:114:Infinity":25,"s:116:33:134:Infinity":26,"f:116:33:116:34":5,"s:117:28:117:Infinity":27,"b:118:4:124:Infinity:undefined:undefined:undefined:undefined":4,"s:118:4:124:Infinity":28,"s:119:6:123:Infinity":29,"b:120:8:122:Infinity:undefined:undefined:undefined:undefined":5,"s:120:8:122:Infinity":30,"b:120:12:120:44:120:44:120:82":6,"s:121:10:121:Infinity":31,"b:126:4:128:Infinity:undefined:undefined:undefined:undefined":7,"s:126:4:128:Infinity":32,"b:126:8:126:33:126:33:126:64":8,"s:127:6:127:Infinity":33,"s:130:4:133:Infinity":34,"f:131:11:131:12":6,"s:131:18:131:25":35,"b:131:18:131:23:131:23:131:25":9,"s:136:34:161:Infinity":36,"f:136:34:136:41":7,"s:137:20:137:Infinity":37,"s:138:22:138:Infinity":38,"b:138:22:138:44:138:44:138:66:138:66:138:Infinity":10,"s:139:25:139:Infinity":39,"b:139:25:139:40:139:40:139:Infinity":11,"b:141:4:141:Infinity:undefined:undefined:undefined:undefined":12,"s:141:4:141:Infinity":40,"b:141:8:141:20:141:20:141:34:141:34:141:49":13,"s:141:49:141:Infinity":41,"b:142:4:142:Infinity:undefined:undefined:undefined:undefined":14,"s:142:4:142:Infinity":42,"s:142:33:142:Infinity":43,"s:144:25:144:Infinity":44,"b:145:4:145:Infinity:undefined:undefined:undefined:undefined":15,"s:145:4:145:Infinity":45,"s:145:23:145:Infinity":46,"b:147:4:147:Infinity:undefined:undefined:undefined:undefined":16,"s:147:4:147:Infinity":47,"s:147:55:147:Infinity":48,"s:149:18:149:Infinity":49,"s:150:22:150:Infinity":50,"b:151:4:151:Infinity:undefined:undefined:undefined:undefined":17,"s:151:4:151:Infinity":51,"s:151:50:151:Infinity":52,"s:153:4:153:Infinity":53,"b:155:4:157:Infinity:undefined:undefined:undefined:undefined":18,"s:155:4:157:Infinity":54,"s:156:6:156:Infinity":55,"s:159:4:159:Infinity":56,"s:160:4:160:Infinity":57,"s:163:29:167:Infinity":58,"f:163:29:163:30":8,"b:164:4:164:Infinity:undefined:undefined:undefined:undefined":19,"s:164:4:164:Infinity":59,"b:164:8:164:35:164:35:164:49":20,"s:164:49:164:Infinity":60,"s:165:23:165:Infinity":61,"s:166:4:166:Infinity":62,"b:166:11:166:49:166:49:166:Infinity":21,"s:169:2:277:Infinity":63,"f:170:12:170:19":9,"s:171:6:171:Infinity":64,"f:173:11:173:18":10,"b:174:6:174:Infinity:undefined:undefined:undefined:undefined":22,"s:174:6:174:Infinity":65,"s:174:38:174:Infinity":66,"s:176:24:176:Infinity":67,"s:177:20:177:Infinity":68,"b:180:6:180:Infinity:undefined:undefined:undefined:undefined":23,"s:180:6:180:Infinity":69,"s:180:27:180:Infinity":70,"s:182:55:182:Infinity":71,"s:185:31:185:Infinity":72,"b:187:6:187:Infinity:undefined:undefined:undefined:undefined":24,"s:187:6:187:Infinity":73,"b:187:10:187:36:187:36:187:60":25,"s:187:60:187:Infinity":74,"s:189:23:189:Infinity":75,"s:190:26:190:Infinity":76,"b:192:6:192:Infinity:undefined:undefined:undefined:undefined":26,"s:192:6:192:Infinity":77,"s:192:24:192:Infinity":78,"s:194:26:194:Infinity":79,"b:194:26:194:84:194:84:194:Infinity":27,"f:194:49:194:50":11,"s:194:56:194:73":80,"b:197:6:200:Infinity:undefined:undefined:undefined:undefined":28,"s:197:6:200:Infinity":81,"s:198:8:198:Infinity":82,"s:199:8:199:Infinity":83,"b:203:6:210:Infinity:undefined:undefined:undefined:undefined":29,"s:203:6:210:Infinity":84,"s:205:8:207:Infinity":85,"s:208:8:208:Infinity":86,"s:209:8:209:Infinity":87,"s:213:6:213:Infinity":88,"s:216:30:216:Infinity":89,"b:218:6:218:Infinity:undefined:undefined:undefined:undefined":30,"s:218:6:218:Infinity":90,"b:218:10:218:35:218:35:218:58":31,"s:218:58:218:Infinity":91,"s:219:22:219:Infinity":92,"s:222:32:222:Infinity":93,"s:223:6:223:Infinity":94,"s:224:23:224:Infinity":95,"s:226:6:226:Infinity":96,"b:226:65:226:75:226:75:226:92":32,"s:229:6:229:Infinity":97,"s:230:33:230:Infinity":98,"b:232:6:232:Infinity:undefined:undefined:undefined:undefined":33,"s:232:6:232:Infinity":99,"b:232:10:232:38:232:38:232:64":34,"s:232:64:232:Infinity":100,"s:233:25:233:Infinity":101,"s:236:6:242:Infinity":102,"s:243:6:243:Infinity":103,"s:245:28:245:Infinity":104,"s:247:6:250:Infinity":105,"f:252:20:252:27":12,"s:253:24:253:Infinity":106,"b:253:24:253:44:253:44:253:Infinity":35,"b:254:6:254:Infinity:undefined:undefined:undefined:undefined":36,"s:254:6:254:Infinity":107,"s:254:22:254:Infinity":108,"s:256:20:256:Infinity":109,"s:258:6:258:Infinity":110,"s:261:12:261:Infinity":111,"b:261:57:261:65:261:65:261:80":37,"s:262:35:262:Infinity":112,"b:265:6:269:Infinity:undefined:undefined:undefined:undefined":38,"s:265:6:269:Infinity":113,"s:267:8:267:Infinity":114,"s:268:8:268:Infinity":115,"b:268:59:268:81:268:81:268:90":39,"f:271:23:271:30":13,"s:272:6:272:Infinity":116,"f:274:28:274:35":14,"s:275:6:275:Infinity":117}}}
}
